Log file open, 11/06/16 17:20:25
LogInit:Display: Running engine for game: GSP340GrpBWk2Ilab
LogPlatformFile: Not using cached read wrapper
LogInit:Display: RandInit(444916456) SRandInit(444916459).
LogTaskGraph: Started task graph with 4 named threads and 7 total threads.
LogStats: Stats thread started at 0.235896
LogInit: Version: 4.11.2-2946394+++UE4+Release-4.11
LogInit: API Version: 2927265
LogInit: Compiled (64-bit): Apr 18 2016 02:18:46
LogInit: Compiled with Visual C++: 19.00.23026.00
LogInit: Build Configuration: Development
LogInit: Branch Name: ++UE4+Release-4.11
LogInit: Command line: 
LogInit: Base directory: C:/Program Files (x86)/Epic Games/4.11/Engine/Binaries/Win64/
LogInit: Installed Engine Build: 1
LogInit: Using libcurl 7.41.0
LogInit:  - built for x86_64-pc-win32
LogInit:  - supports SSL with WinSSL
LogInit:  - other features:
LogInit:      CURL_VERSION_SSL
LogInit:      CURL_VERSION_IPV6
LogInit:      CURL_VERSION_ASYNCHDNS
LogInit:      CURL_VERSION_LARGEFILE
LogInit:      CURL_VERSION_IDN
LogInit:  CurlRequestOptions (configurable via config and command line):
LogInit:  - bVerifyPeer = true  - Libcurl will verify peer certificate
LogInit:  - bUseHttpProxy = false  - Libcurl will NOT use HTTP proxy
LogInit:  - bDontReuseConnections = false  - Libcurl will reuse connections
LogInit:  - CertBundlePath = nullptr  - Libcurl will use whatever was configured at build time.
LogInit: Presizing for max 16777216 objects, including 0 objects not considered by GC, pre-allocating 0 bytes for permanent pool.
LogInit: Object subsystem initialized
[2016.11.06-22.20.26:213][  0]LogInit: Selected Device Profile: [Windows]
[2016.11.06-22.20.26:213][  0]LogInit: Applying CVar settings loaded from the selected device profile: [Windows]
[2016.11.06-22.20.26:316][  0]LogInit: Computer: ROKO-PC
[2016.11.06-22.20.26:316][  0]LogInit: User: Roko
[2016.11.06-22.20.26:316][  0]LogInit: CPU Page size=65536, Cores=4
[2016.11.06-22.20.26:316][  0]LogInit: High frequency timer resolution =2.452626 MHz
[2016.11.06-22.20.26:316][  0]LogMemory: Memory total: Physical=4.0GB (4GB approx)
[2016.11.06-22.20.26:316][  0]LogMemory: Platform Memory Stats for Windows
[2016.11.06-22.20.26:316][  0]LogMemory: Process Physical Memory: 312.02 MB used, 312.02 MB peak
[2016.11.06-22.20.26:316][  0]LogMemory: Process Virtual Memory: 316.95 MB used, 316.95 MB peak
[2016.11.06-22.20.26:316][  0]LogMemory: Physical Memory: 3156.09 MB used, 4095.55 MB total
[2016.11.06-22.20.26:316][  0]LogMemory: Virtual Memory: 620.45 MB used, 8388608.00 MB total
[2016.11.06-22.20.26:365][  0]LogTextLocalizationManager: No specific translations for ('en-US') exist, so ('en') translations will be used.
[2016.11.06-22.20.27:020][  0]LogD3D11RHI: D3D11 adapters:
[2016.11.06-22.20.27:307][  0]LogD3D11RHI:    0. 'NVIDIA GeForce GTX 950' (Feature Level 11_0)
[2016.11.06-22.20.27:307][  0]LogD3D11RHI:       1969MB of dedicated video memory, 0MB of dedicated system memory, and 1791MB of shared system memory, 1 output[s]
[2016.11.06-22.20.27:307][  0]LogD3D11RHI: Chosen D3D11 Adapter: 0
[2016.11.06-22.20.29:653][  0]LogD3D11RHI: Creating new Direct3DDevice
[2016.11.06-22.20.29:654][  0]LogD3D11RHI:     Adapter Name: NVIDIA GeForce GTX 950
[2016.11.06-22.20.29:655][  0]LogD3D11RHI:   Driver Version: Unknown (internal Unknown)
[2016.11.06-22.20.29:655][  0]LogD3D11RHI:      Driver Date: Unknown
[2016.11.06-22.20.29:655][  0]LogRHI: Texture pool is 1361 MB (70% of 1945 MB)
[2016.11.06-22.20.29:679][  0]LogD3D11RHI: Async texture creation enabled
[2016.11.06-22.20.29:696][  0]LogShaderCompilers: Guid format shader working directory is -27 characters bigger than the processId version (../../../../../../Users/Roko/Documents/Unreal Projects/GSP340GrpBWk2Ilab/Intermediate/Shaders/WorkingDirectory/9716/).
[2016.11.06-22.20.29:696][  0]LogShaderCompilers: Cleaned the shader compiler working directory 'C:/Users/Roko/AppData/Local/Temp/UnrealShaderWorkingDir/99B5090C4F86FD2F5E0E819DC745B9A8/'.
[2016.11.06-22.20.29:696][  0]LogShaderCompilers:Display: Using Local Shader Compiler.
[2016.11.06-22.20.42:916][  0]LogTemp:Display: Loaded TP AllDesktopTargetPlatform
[2016.11.06-22.20.42:939][  0]LogTemp:Display: Loaded TP WindowsClientTargetPlatform
[2016.11.06-22.20.42:946][  0]LogTemp:Display: Loaded TP WindowsNoEditorTargetPlatform
[2016.11.06-22.20.42:978][  0]LogTemp:Display: Loaded TP WindowsServerTargetPlatform
[2016.11.06-22.20.42:988][  0]LogTemp:Display: Loaded TP WindowsTargetPlatform
[2016.11.06-22.20.42:995][  0]LogTemp:Display: Loaded TP AndroidTargetPlatform
[2016.11.06-22.20.43:002][  0]LogTemp:Display: Loaded TP Android_ASTCTargetPlatform
[2016.11.06-22.20.43:008][  0]LogTemp:Display: Loaded TP Android_ATCTargetPlatform
[2016.11.06-22.20.43:014][  0]LogTemp:Display: Loaded TP Android_DXTTargetPlatform
[2016.11.06-22.20.43:019][  0]LogTemp:Display: Loaded TP Android_ETC1TargetPlatform
[2016.11.06-22.20.43:025][  0]LogTemp:Display: Loaded TP Android_ETC2TargetPlatform
[2016.11.06-22.20.43:036][  0]LogTemp:Display: Loaded TP Android_MultiTargetPlatform
[2016.11.06-22.20.43:036][  0]LogTemp:Display: Loaded TP Android_PVRTCTargetPlatform
[2016.11.06-22.20.43:037][  0]LogTemp:Display: Loaded TP HTML5TargetPlatform
[2016.11.06-22.20.43:056][  0]LogTemp:Display: Loaded TP IOSTargetPlatform
[2016.11.06-22.20.43:061][  0]LogTemp:Display: Loaded TP TVOSTargetPlatform
[2016.11.06-22.20.43:066][  0]LogTemp:Display: Loaded TP LinuxNoEditorTargetPlatform
[2016.11.06-22.20.43:071][  0]LogTemp:Display: Loaded TP LinuxServerTargetPlatform
[2016.11.06-22.20.43:076][  0]LogTemp:Display: Loaded TP LinuxTargetPlatform
[2016.11.06-22.20.43:077][  0]LogTargetPlatformManager:Display: Building Assets For Windows
[2016.11.06-22.20.43:182][  0]LogDerivedDataCache:Display: Max Cache Size: 512 MB
[2016.11.06-22.20.43:308][  0]LogDerivedDataCache: Loaded boot cache 0.13s 46MB C:/Users/Roko/AppData/Local/UnrealEngine/4.11/DerivedDataCache/Boot.ddc.
[2016.11.06-22.20.43:308][  0]LogDerivedDataCache:Display: Loaded Boot cache: C:/Users/Roko/AppData/Local/UnrealEngine/4.11/DerivedDataCache/Boot.ddc
[2016.11.06-22.20.43:308][  0]LogDerivedDataCache: FDerivedDataBackendGraph:  Pak pak cache file ../../../../../../Users/Roko/Documents/Unreal Projects/GSP340GrpBWk2Ilab/DerivedDataCache/DDC.ddp not found, will not use a pak cache.
[2016.11.06-22.20.43:308][  0]LogDerivedDataCache: Unable to find inner node Pak for hierarchical cache Hierarchy.
[2016.11.06-22.20.43:308][  0]LogDerivedDataCache: FDerivedDataBackendGraph:  CompressedPak pak cache file ../../../../../../Users/Roko/Documents/Unreal Projects/GSP340GrpBWk2Ilab/DerivedDataCache/Compressed.ddp not found, will not use a pak cache.
[2016.11.06-22.20.43:308][  0]LogDerivedDataCache: Unable to find inner node CompressedPak for hierarchical cache Hierarchy.
[2016.11.06-22.20.43:338][  0]LogDerivedDataCache:Display: Pak cache opened for reading ../../../Engine/DerivedDataCache/Compressed.ddp.
[2016.11.06-22.20.43:350][  0]LogDerivedDataCache: Using Local data cache path C:/Users/Roko/AppData/Local/UnrealEngine/Common/DerivedDataCache: Writable
[2016.11.06-22.20.43:647][  0]LogInit: Selected Device Profile: [Windows]
[2016.11.06-22.20.43:648][  0]LogContentStreaming: Texture pool size is 0.00 MB
[2016.11.06-22.20.43:695][  0]LogMaterial: Uniform references updated for custom material expression Custom.
[2016.11.06-22.20.43:945][  0]LogMeshUtilities: No automatic mesh reduction module available
[2016.11.06-22.20.43:945][  0]LogMeshUtilities: No automatic mesh merging module available
[2016.11.06-22.20.43:945][  0]LogMeshUtilities: No distributed automatic mesh merging module available
[2016.11.06-22.20.44:430][  0]LogUObjectArray: 27679 objects as part of root set at end of initial load.
[2016.11.06-22.20.44:430][  0]LogUObjectAllocator: 5591592 out of 0 bytes used by permanent object pool.
[2016.11.06-22.20.44:430][  0]LogUObjectArray: CloseDisregardForGC: 0/0 objects in disregard for GC pool
[2016.11.06-22.20.44:439][  0]LogInit: WinSock: version 1.1 (2.2), MaxSocks=32767, MaxUdp=65467
[2016.11.06-22.20.44:581][  0]LogSlate: SlateFontCache - WITH_FREETYPE: 1, WITH_HARFBUZZ: 1
[2016.11.06-22.20.44:581][  0]LogSlate: SlateFontCache - WITH_FREETYPE: 1, WITH_HARFBUZZ: 1
[2016.11.06-22.20.44:740][  0]LogStreaming:Warning: Failed to read file '../../../Engine/Content/Editor/Slate/Common/Selection_16x.png' error.
[2016.11.06-22.20.44:741][  0]LogSlate: Could not find file for Slate resource: ../../../Engine/Content/Editor/Slate/Common/Selection_16x.png
[2016.11.06-22.20.44:741][  0]LogStreaming:Warning: Failed to read file '../../../Engine/Content/Editor/Slate/Common/Selection_16x.png' error.
[2016.11.06-22.20.44:741][  0]LogSlate: Could not find file for Slate resource: ../../../Engine/Content/Editor/Slate/Common/Selection_16x.png
[2016.11.06-22.20.44:741][  0]LogStreaming:Warning: Failed to read file '../../../Engine/Content/Editor/Slate/Common/Selection_16x.png' error.
[2016.11.06-22.20.44:741][  0]LogSlate: Could not find file for Slate resource: ../../../Engine/Content/Editor/Slate/Common/Selection_16x.png
[2016.11.06-22.20.45:912][  0]LogUdpMessaging: Initializing bridge on interface 0.0.0.0:0 to multicast group 230.0.0.1:6666.
[2016.11.06-22.20.46:026][  0]LogAssetRegistry: FAssetRegistry took 0.0204 seconds to start up
[2016.11.06-22.20.46:248][  0]SourceControl: Info Source control is disabled
[2016.11.06-22.20.46:283][  0]SourceControl: Info Source control is disabled
[2016.11.06-22.20.46:292][  0]SourceControl: Info Source control is disabled
[2016.11.06-22.20.46:302][  0]SourceControl: Info Source control is disabled
[2016.11.06-22.20.46:449][  0]LogHMD: Failed to initialize OpenVR with code 110
[2016.11.06-22.20.46:566][  0]LogEngine: Initializing Engine...
[2016.11.06-22.20.46:838][  0]LogAIModule: Creating AISystem for world NewWorld
[2016.11.06-22.20.46:847][  0]LogInit: XAudio2 using 'Speakers (Realtek High Definition Audio)' : 2 channels at 48 kHz using 32 bits per sample (channel mask 0x3)
[2016.11.06-22.20.46:864][  0]LogInit: FAudioDevice initialized.
[2016.11.06-22.20.48:323][  0]LogDerivedDataCache: Saved boot cache 1.46s 46MB C:/Users/Roko/AppData/Local/UnrealEngine/4.11/DerivedDataCache/Boot.ddc.
[2016.11.06-22.20.48:341][  0]LogInit: Texture streaming: Enabled
[2016.11.06-22.20.48:385][  0]LogInit: Transaction tracking system initialized
[2016.11.06-22.20.48:417][  0]BlueprintLog: New page: Editor Load
[2016.11.06-22.20.49:086][  0]LocalizationService: Info Localization service is disabled
[2016.11.06-22.20.49:280][  0]LogConsoleResponse:Display: 
[2016.11.06-22.20.49:897][  0]LogFileCache: Scanning file cache for directory 'C:/Users/Roko/Documents/Unreal Projects/GSP340GrpBWk2Ilab/Content/' took 0.01s
[2016.11.06-22.20.49:897][  0]LogCook:Display: Max memory allowance for cook 8192mb
[2016.11.06-22.20.49:897][  0]LogCook:Display: Mobile HDR setting 1
[2016.11.06-22.20.49:897][  0]LogCook:Display: Done creating registry. It took  0.00s.
[2016.11.06-22.20.49:992][  0]SourceControl: Info Source control is disabled
[2016.11.06-22.20.50:371][  0]LogFactory: FactoryCreateBinary: PackFactory with PackFactory (0 0 C:/Program Files (x86)/Epic Games/4.11/FeaturePacks/StarterContent.upack)
[2016.11.06-22.20.51:532][  0]LogPackFactory: Finished extracting 8 files (including 0 errors).
[2016.11.06-22.20.51:559][  0]LogPackFactory: Copied "../../../Samples/StarterContent/Content/StarterContent/Architecture/Floor_400x400.uasset" to "../../../../../../Users/Roko/Documents/Unreal Projects/GSP340GrpBWk2Ilab/Content/StarterContent/Architecture/Floor_400x400.uasset"
[2016.11.06-22.20.51:693][  0]LogPackFactory: Copied "../../../Samples/StarterContent/Content/StarterContent/Architecture/Pillar_50x500.uasset" to "../../../../../../Users/Roko/Documents/Unreal Projects/GSP340GrpBWk2Ilab/Content/StarterContent/Architecture/Pillar_50x500.uasset"
[2016.11.06-22.20.51:863][  0]LogPackFactory: Copied "../../../Samples/StarterContent/Content/StarterContent/Architecture/SM_AssetPlatform.uasset" to "../../../../../../Users/Roko/Documents/Unreal Projects/GSP340GrpBWk2Ilab/Content/StarterContent/Architecture/SM_AssetPlatform.uasset"
[2016.11.06-22.20.51:871][  0]LogPackFactory: Copied "../../../Samples/StarterContent/Content/StarterContent/Architecture/Wall_400x200.uasset" to "../../../../../../Users/Roko/Documents/Unreal Projects/GSP340GrpBWk2Ilab/Content/StarterContent/Architecture/Wall_400x200.uasset"
[2016.11.06-22.20.51:898][  0]LogPackFactory: Copied "../../../Samples/StarterContent/Content/StarterContent/Architecture/Wall_400x300.uasset" to "../../../../../../Users/Roko/Documents/Unreal Projects/GSP340GrpBWk2Ilab/Content/StarterContent/Architecture/Wall_400x300.uasset"
[2016.11.06-22.20.51:912][  0]LogPackFactory: Copied "../../../Samples/StarterContent/Content/StarterContent/Architecture/Wall_400x400.uasset" to "../../../../../../Users/Roko/Documents/Unreal Projects/GSP340GrpBWk2Ilab/Content/StarterContent/Architecture/Wall_400x400.uasset"
[2016.11.06-22.20.51:919][  0]LogPackFactory: Copied "../../../Samples/StarterContent/Content/StarterContent/Architecture/Wall_500x500.uasset" to "../../../../../../Users/Roko/Documents/Unreal Projects/GSP340GrpBWk2Ilab/Content/StarterContent/Architecture/Wall_500x500.uasset"
[2016.11.06-22.20.51:922][  0]LogPackFactory: Copied "../../../Samples/StarterContent/Content/StarterContent/Architecture/Wall_Door_400x300.uasset" to "../../../../../../Users/Roko/Documents/Unreal Projects/GSP340GrpBWk2Ilab/Content/StarterContent/Architecture/Wall_Door_400x300.uasset"
[2016.11.06-22.20.51:944][  0]LogPackFactory: Copied "../../../Samples/StarterContent/Content/StarterContent/Architecture/Wall_Door_400x400.uasset" to "../../../../../../Users/Roko/Documents/Unreal Projects/GSP340GrpBWk2Ilab/Content/StarterContent/Architecture/Wall_Door_400x400.uasset"
[2016.11.06-22.20.51:963][  0]LogPackFactory: Copied "../../../Samples/StarterContent/Content/StarterContent/Architecture/Wall_Window_400x300.uasset" to "../../../../../../Users/Roko/Documents/Unreal Projects/GSP340GrpBWk2Ilab/Content/StarterContent/Architecture/Wall_Window_400x300.uasset"
[2016.11.06-22.20.51:968][  0]LogPackFactory: Copied "../../../Samples/StarterContent/Content/StarterContent/Architecture/Wall_Window_400x400.uasset" to "../../../../../../Users/Roko/Documents/Unreal Projects/GSP340GrpBWk2Ilab/Content/StarterContent/Architecture/Wall_Window_400x400.uasset"
[2016.11.06-22.20.52:077][  0]LogPackFactory: Copied "../../../Samples/StarterContent/Content/StarterContent/Audio/Collapse01.uasset" to "../../../../../../Users/Roko/Documents/Unreal Projects/GSP340GrpBWk2Ilab/Content/StarterContent/Audio/Collapse01.uasset"
[2016.11.06-22.20.52:133][  0]LogPackFactory: Copied "../../../Samples/StarterContent/Content/StarterContent/Audio/Collapse02.uasset" to "../../../../../../Users/Roko/Documents/Unreal Projects/GSP340GrpBWk2Ilab/Content/StarterContent/Audio/Collapse02.uasset"
[2016.11.06-22.20.52:227][  0]LogPackFactory: Copied "../../../Samples/StarterContent/Content/StarterContent/Audio/Collapse_Cue.uasset" to "../../../../../../Users/Roko/Documents/Unreal Projects/GSP340GrpBWk2Ilab/Content/StarterContent/Audio/Collapse_Cue.uasset"
[2016.11.06-22.20.52:385][  0]LogPackFactory: Copied "../../../Samples/StarterContent/Content/StarterContent/Audio/Explosion01.uasset" to "../../../../../../Users/Roko/Documents/Unreal Projects/GSP340GrpBWk2Ilab/Content/StarterContent/Audio/Explosion01.uasset"
[2016.11.06-22.20.52:399][  0]LogPackFactory: Copied "../../../Samples/StarterContent/Content/StarterContent/Audio/Explosion02.uasset" to "../../../../../../Users/Roko/Documents/Unreal Projects/GSP340GrpBWk2Ilab/Content/StarterContent/Audio/Explosion02.uasset"
[2016.11.06-22.20.52:471][  0]LogPackFactory: Copied "../../../Samples/StarterContent/Content/StarterContent/Audio/Explosion_Cue.uasset" to "../../../../../../Users/Roko/Documents/Unreal Projects/GSP340GrpBWk2Ilab/Content/StarterContent/Audio/Explosion_Cue.uasset"
[2016.11.06-22.20.52:713][  0]LogPackFactory: Copied "../../../Samples/StarterContent/Content/StarterContent/Audio/Fire01.uasset" to "../../../../../../Users/Roko/Documents/Unreal Projects/GSP340GrpBWk2Ilab/Content/StarterContent/Audio/Fire01.uasset"
[2016.11.06-22.20.52:762][  0]LogPackFactory: Copied "../../../Samples/StarterContent/Content/StarterContent/Audio/Fire01_Cue.uasset" to "../../../../../../Users/Roko/Documents/Unreal Projects/GSP340GrpBWk2Ilab/Content/StarterContent/Audio/Fire01_Cue.uasset"
[2016.11.06-22.20.52:866][  0]LogPackFactory: Copied "../../../Samples/StarterContent/Content/StarterContent/Audio/Fire_Sparks01.uasset" to "../../../../../../Users/Roko/Documents/Unreal Projects/GSP340GrpBWk2Ilab/Content/StarterContent/Audio/Fire_Sparks01.uasset"
[2016.11.06-22.20.52:891][  0]LogPackFactory: Copied "../../../Samples/StarterContent/Content/StarterContent/Audio/Fire_Sparks01_Cue.uasset" to "../../../../../../Users/Roko/Documents/Unreal Projects/GSP340GrpBWk2Ilab/Content/StarterContent/Audio/Fire_Sparks01_Cue.uasset"
[2016.11.06-22.20.52:961][  0]LogPackFactory: Copied "../../../Samples/StarterContent/Content/StarterContent/Audio/Light01.uasset" to "../../../../../../Users/Roko/Documents/Unreal Projects/GSP340GrpBWk2Ilab/Content/StarterContent/Audio/Light01.uasset"
[2016.11.06-22.20.52:991][  0]LogPackFactory: Copied "../../../Samples/StarterContent/Content/StarterContent/Audio/Light01_Cue.uasset" to "../../../../../../Users/Roko/Documents/Unreal Projects/GSP340GrpBWk2Ilab/Content/StarterContent/Audio/Light01_Cue.uasset"
[2016.11.06-22.20.53:158][  0]LogPackFactory: Copied "../../../Samples/StarterContent/Content/StarterContent/Audio/Light02.uasset" to "../../../../../../Users/Roko/Documents/Unreal Projects/GSP340GrpBWk2Ilab/Content/StarterContent/Audio/Light02.uasset"
[2016.11.06-22.20.53:208][  0]LogPackFactory: Copied "../../../Samples/StarterContent/Content/StarterContent/Audio/Light02_Cue.uasset" to "../../../../../../Users/Roko/Documents/Unreal Projects/GSP340GrpBWk2Ilab/Content/StarterContent/Audio/Light02_Cue.uasset"
[2016.11.06-22.20.53:262][  0]LogPackFactory: Copied "../../../Samples/StarterContent/Content/StarterContent/Audio/Smoke01.uasset" to "../../../../../../Users/Roko/Documents/Unreal Projects/GSP340GrpBWk2Ilab/Content/StarterContent/Audio/Smoke01.uasset"
[2016.11.06-22.20.53:288][  0]LogPackFactory: Copied "../../../Samples/StarterContent/Content/StarterContent/Audio/Smoke01_Cue.uasset" to "../../../../../../Users/Roko/Documents/Unreal Projects/GSP340GrpBWk2Ilab/Content/StarterContent/Audio/Smoke01_Cue.uasset"
[2016.11.06-22.20.53:332][  0]LogPackFactory: Copied "../../../Samples/StarterContent/Content/StarterContent/Audio/Starter_Background_Cue.uasset" to "../../../../../../Users/Roko/Documents/Unreal Projects/GSP340GrpBWk2Ilab/Content/StarterContent/Audio/Starter_Background_Cue.uasset"
[2016.11.06-22.20.53:579][  0]LogPackFactory: Copied "../../../Samples/StarterContent/Content/StarterContent/Audio/Starter_Birds01.uasset" to "../../../../../../Users/Roko/Documents/Unreal Projects/GSP340GrpBWk2Ilab/Content/StarterContent/Audio/Starter_Birds01.uasset"
[2016.11.06-22.20.57:786][  0]LogPackFactory: Copied "../../../Samples/StarterContent/Content/StarterContent/Audio/Starter_Music01.uasset" to "../../../../../../Users/Roko/Documents/Unreal Projects/GSP340GrpBWk2Ilab/Content/StarterContent/Audio/Starter_Music01.uasset"
[2016.11.06-22.20.57:854][  0]LogPackFactory: Copied "../../../Samples/StarterContent/Content/StarterContent/Audio/Starter_Music_Cue.uasset" to "../../../../../../Users/Roko/Documents/Unreal Projects/GSP340GrpBWk2Ilab/Content/StarterContent/Audio/Starter_Music_Cue.uasset"
[2016.11.06-22.20.59:231][  0]LogPackFactory: Copied "../../../Samples/StarterContent/Content/StarterContent/Audio/Starter_Wind05.uasset" to "../../../../../../Users/Roko/Documents/Unreal Projects/GSP340GrpBWk2Ilab/Content/StarterContent/Audio/Starter_Wind05.uasset"
[2016.11.06-22.20.59:651][  0]LogPackFactory: Copied "../../../Samples/StarterContent/Content/StarterContent/Audio/Starter_Wind06.uasset" to "../../../../../../Users/Roko/Documents/Unreal Projects/GSP340GrpBWk2Ilab/Content/StarterContent/Audio/Starter_Wind06.uasset"
[2016.11.06-22.20.59:906][  0]LogPackFactory: Copied "../../../Samples/StarterContent/Content/StarterContent/Audio/Steam01.uasset" to "../../../../../../Users/Roko/Documents/Unreal Projects/GSP340GrpBWk2Ilab/Content/StarterContent/Audio/Steam01.uasset"
[2016.11.06-22.20.59:933][  0]LogPackFactory: Copied "../../../Samples/StarterContent/Content/StarterContent/Audio/Steam01_Cue.uasset" to "../../../../../../Users/Roko/Documents/Unreal Projects/GSP340GrpBWk2Ilab/Content/StarterContent/Audio/Steam01_Cue.uasset"
[2016.11.06-22.21.00:311][  0]LogPackFactory: Copied "../../../Samples/StarterContent/Content/StarterContent/Blueprints/Blueprint_CeilingLight.uasset" to "../../../../../../Users/Roko/Documents/Unreal Projects/GSP340GrpBWk2Ilab/Content/StarterContent/Blueprints/Blueprint_CeilingLight.uasset"
[2016.11.06-22.21.00:353][  0]LogPackFactory: Copied "../../../Samples/StarterContent/Content/StarterContent/Blueprints/Blueprint_Effect_Explosion.uasset" to "../../../../../../Users/Roko/Documents/Unreal Projects/GSP340GrpBWk2Ilab/Content/StarterContent/Blueprints/Blueprint_Effect_Explosion.uasset"
[2016.11.06-22.21.00:456][  0]LogPackFactory: Copied "../../../Samples/StarterContent/Content/StarterContent/Blueprints/Blueprint_Effect_Fire.uasset" to "../../../../../../Users/Roko/Documents/Unreal Projects/GSP340GrpBWk2Ilab/Content/StarterContent/Blueprints/Blueprint_Effect_Fire.uasset"
[2016.11.06-22.21.00:646][  0]LogPackFactory: Copied "../../../Samples/StarterContent/Content/StarterContent/Blueprints/Blueprint_Effect_Smoke.uasset" to "../../../../../../Users/Roko/Documents/Unreal Projects/GSP340GrpBWk2Ilab/Content/StarterContent/Blueprints/Blueprint_Effect_Smoke.uasset"
[2016.11.06-22.21.00:697][  0]LogPackFactory: Copied "../../../Samples/StarterContent/Content/StarterContent/Blueprints/Blueprint_Effect_Sparks.uasset" to "../../../../../../Users/Roko/Documents/Unreal Projects/GSP340GrpBWk2Ilab/Content/StarterContent/Blueprints/Blueprint_Effect_Sparks.uasset"
[2016.11.06-22.21.00:809][  0]LogPackFactory: Copied "../../../Samples/StarterContent/Content/StarterContent/Blueprints/Blueprint_Effect_Steam.uasset" to "../../../../../../Users/Roko/Documents/Unreal Projects/GSP340GrpBWk2Ilab/Content/StarterContent/Blueprints/Blueprint_Effect_Steam.uasset"
[2016.11.06-22.21.01:005][  0]LogPackFactory: Copied "../../../Samples/StarterContent/Content/StarterContent/Blueprints/Blueprint_WallSconce.uasset" to "../../../../../../Users/Roko/Documents/Unreal Projects/GSP340GrpBWk2Ilab/Content/StarterContent/Blueprints/Blueprint_WallSconce.uasset"
[2016.11.06-22.21.01:364][  0]LogPackFactory: Copied "../../../Samples/StarterContent/Content/StarterContent/Blueprints/BP_LightStudio.uasset" to "../../../../../../Users/Roko/Documents/Unreal Projects/GSP340GrpBWk2Ilab/Content/StarterContent/Blueprints/BP_LightStudio.uasset"
[2016.11.06-22.21.01:468][  0]LogPackFactory: Copied "../../../Samples/StarterContent/Content/StarterContent/Blueprints/Assets/FogBrightnessLUT.uasset" to "../../../../../../Users/Roko/Documents/Unreal Projects/GSP340GrpBWk2Ilab/Content/StarterContent/Blueprints/Assets/FogBrightnessLUT.uasset"
[2016.11.06-22.21.01:503][  0]LogPackFactory: Copied "../../../Samples/StarterContent/Content/StarterContent/Blueprints/Assets/M_LightStage_Arrows.uasset" to "../../../../../../Users/Roko/Documents/Unreal Projects/GSP340GrpBWk2Ilab/Content/StarterContent/Blueprints/Assets/M_LightStage_Arrows.uasset"
[2016.11.06-22.21.01:645][  0]LogPackFactory: Copied "../../../Samples/StarterContent/Content/StarterContent/Blueprints/Assets/M_LightStage_Skybox_Black.uasset" to "../../../../../../Users/Roko/Documents/Unreal Projects/GSP340GrpBWk2Ilab/Content/StarterContent/Blueprints/Assets/M_LightStage_Skybox_Black.uasset"
[2016.11.06-22.21.01:731][  0]LogPackFactory: Copied "../../../Samples/StarterContent/Content/StarterContent/Blueprints/Assets/M_LightStage_Skybox_HDRI.uasset" to "../../../../../../Users/Roko/Documents/Unreal Projects/GSP340GrpBWk2Ilab/Content/StarterContent/Blueprints/Assets/M_LightStage_Skybox_HDRI.uasset"
[2016.11.06-22.21.02:062][  0]LogPackFactory: Copied "../../../Samples/StarterContent/Content/StarterContent/Blueprints/Assets/M_LightStage_Skybox_Master.uasset" to "../../../../../../Users/Roko/Documents/Unreal Projects/GSP340GrpBWk2Ilab/Content/StarterContent/Blueprints/Assets/M_LightStage_Skybox_Master.uasset"
[2016.11.06-22.21.02:653][  0]LogPackFactory: Copied "../../../Samples/StarterContent/Content/StarterContent/Blueprints/Assets/Skybox.uasset" to "../../../../../../Users/Roko/Documents/Unreal Projects/GSP340GrpBWk2Ilab/Content/StarterContent/Blueprints/Assets/Skybox.uasset"
[2016.11.06-22.21.02:812][  0]LogPackFactory: Copied "../../../Samples/StarterContent/Content/StarterContent/Blueprints/Assets/SM_Arrows.uasset" to "../../../../../../Users/Roko/Documents/Unreal Projects/GSP340GrpBWk2Ilab/Content/StarterContent/Blueprints/Assets/SM_Arrows.uasset"
[2016.11.06-22.21.02:890][  0]LogPackFactory: Copied "../../../Samples/StarterContent/Content/StarterContent/Blueprints/Assets/SunlightColorLUT.uasset" to "../../../../../../Users/Roko/Documents/Unreal Projects/GSP340GrpBWk2Ilab/Content/StarterContent/Blueprints/Assets/SunlightColorLUT.uasset"
[2016.11.06-22.21.29:692][  0]LogPackFactory: Copied "../../../Samples/StarterContent/Content/StarterContent/HDRI/HDRI_Epic_Courtyard_Daylight.uasset" to "../../../../../../Users/Roko/Documents/Unreal Projects/GSP340GrpBWk2Ilab/Content/StarterContent/HDRI/HDRI_Epic_Courtyard_Daylight.uasset"
[2016.11.06-22.21.30:104][  0]LogPackFactory: Copied "../../../Samples/StarterContent/Content/StarterContent/Maps/Advanced_Lighting.umap" to "../../../../../../Users/Roko/Documents/Unreal Projects/GSP340GrpBWk2Ilab/Content/StarterContent/Maps/Advanced_Lighting.umap"
[2016.11.06-22.21.33:571][  0]LogPackFactory: Copied "../../../Samples/StarterContent/Content/StarterContent/Maps/Minimal_Default.umap" to "../../../../../../Users/Roko/Documents/Unreal Projects/GSP340GrpBWk2Ilab/Content/StarterContent/Maps/Minimal_Default.umap"
[2016.11.06-22.21.47:005][  0]LogPackFactory: Copied "../../../Samples/StarterContent/Content/StarterContent/Maps/StarterMap.umap" to "../../../../../../Users/Roko/Documents/Unreal Projects/GSP340GrpBWk2Ilab/Content/StarterContent/Maps/StarterMap.umap"
[2016.11.06-22.21.47:260][  0]LogPackFactory: Copied "../../../Samples/StarterContent/Content/StarterContent/Materials/M_AssetPlatform.uasset" to "../../../../../../Users/Roko/Documents/Unreal Projects/GSP340GrpBWk2Ilab/Content/StarterContent/Materials/M_AssetPlatform.uasset"
[2016.11.06-22.21.47:647][  0]LogPackFactory: Copied "../../../Samples/StarterContent/Content/StarterContent/Materials/M_Basic_Floor.uasset" to "../../../../../../Users/Roko/Documents/Unreal Projects/GSP340GrpBWk2Ilab/Content/StarterContent/Materials/M_Basic_Floor.uasset"
[2016.11.06-22.21.48:147][  0]LogPackFactory: Copied "../../../Samples/StarterContent/Content/StarterContent/Materials/M_Basic_Wall.uasset" to "../../../../../../Users/Roko/Documents/Unreal Projects/GSP340GrpBWk2Ilab/Content/StarterContent/Materials/M_Basic_Wall.uasset"
[2016.11.06-22.21.49:607][  0]LogPackFactory: Copied "../../../Samples/StarterContent/Content/StarterContent/Materials/M_Brick_Clay_Beveled.uasset" to "../../../../../../Users/Roko/Documents/Unreal Projects/GSP340GrpBWk2Ilab/Content/StarterContent/Materials/M_Brick_Clay_Beveled.uasset"
[2016.11.06-22.21.49:835][  0]LogPackFactory: Copied "../../../Samples/StarterContent/Content/StarterContent/Materials/M_Brick_Clay_New.uasset" to "../../../../../../Users/Roko/Documents/Unreal Projects/GSP340GrpBWk2Ilab/Content/StarterContent/Materials/M_Brick_Clay_New.uasset"
[2016.11.06-22.21.49:941][  0]LogPackFactory: Copied "../../../Samples/StarterContent/Content/StarterContent/Materials/M_Brick_Clay_Old.uasset" to "../../../../../../Users/Roko/Documents/Unreal Projects/GSP340GrpBWk2Ilab/Content/StarterContent/Materials/M_Brick_Clay_Old.uasset"
[2016.11.06-22.21.50:183][  0]LogPackFactory: Copied "../../../Samples/StarterContent/Content/StarterContent/Materials/M_Brick_Cut_Stone.uasset" to "../../../../../../Users/Roko/Documents/Unreal Projects/GSP340GrpBWk2Ilab/Content/StarterContent/Materials/M_Brick_Cut_Stone.uasset"
[2016.11.06-22.21.50:520][  0]LogPackFactory: Copied "../../../Samples/StarterContent/Content/StarterContent/Materials/M_Brick_Hewn_Stone.uasset" to "../../../../../../Users/Roko/Documents/Unreal Projects/GSP340GrpBWk2Ilab/Content/StarterContent/Materials/M_Brick_Hewn_Stone.uasset"
[2016.11.06-22.21.50:958][  0]LogPackFactory: Copied "../../../Samples/StarterContent/Content/StarterContent/Materials/M_Ceramic_Tile_Checker.uasset" to "../../../../../../Users/Roko/Documents/Unreal Projects/GSP340GrpBWk2Ilab/Content/StarterContent/Materials/M_Ceramic_Tile_Checker.uasset"
[2016.11.06-22.21.51:442][  0]LogPackFactory: Copied "../../../Samples/StarterContent/Content/StarterContent/Materials/M_CobbleStone_Pebble.uasset" to "../../../../../../Users/Roko/Documents/Unreal Projects/GSP340GrpBWk2Ilab/Content/StarterContent/Materials/M_CobbleStone_Pebble.uasset"
[2016.11.06-22.21.52:049][  0]LogPackFactory: Copied "../../../Samples/StarterContent/Content/StarterContent/Materials/M_CobbleStone_Rough.uasset" to "../../../../../../Users/Roko/Documents/Unreal Projects/GSP340GrpBWk2Ilab/Content/StarterContent/Materials/M_CobbleStone_Rough.uasset"
[2016.11.06-22.21.52:316][  0]LogPackFactory: Copied "../../../Samples/StarterContent/Content/StarterContent/Materials/M_CobbleStone_Smooth.uasset" to "../../../../../../Users/Roko/Documents/Unreal Projects/GSP340GrpBWk2Ilab/Content/StarterContent/Materials/M_CobbleStone_Smooth.uasset"
[2016.11.06-22.21.52:594][  0]LogPackFactory: Copied "../../../Samples/StarterContent/Content/StarterContent/Materials/M_ColorGrid_LowSpec.uasset" to "../../../../../../Users/Roko/Documents/Unreal Projects/GSP340GrpBWk2Ilab/Content/StarterContent/Materials/M_ColorGrid_LowSpec.uasset"
[2016.11.06-22.21.53:022][  0]LogPackFactory: Copied "../../../Samples/StarterContent/Content/StarterContent/Materials/M_Concrete_Grime.uasset" to "../../../../../../Users/Roko/Documents/Unreal Projects/GSP340GrpBWk2Ilab/Content/StarterContent/Materials/M_Concrete_Grime.uasset"
[2016.11.06-22.21.53:191][  0]LogPackFactory: Copied "../../../Samples/StarterContent/Content/StarterContent/Materials/M_Concrete_Panels.uasset" to "../../../../../../Users/Roko/Documents/Unreal Projects/GSP340GrpBWk2Ilab/Content/StarterContent/Materials/M_Concrete_Panels.uasset"
[2016.11.06-22.21.53:520][  0]LogPackFactory: Copied "../../../Samples/StarterContent/Content/StarterContent/Materials/M_Concrete_Poured.uasset" to "../../../../../../Users/Roko/Documents/Unreal Projects/GSP340GrpBWk2Ilab/Content/StarterContent/Materials/M_Concrete_Poured.uasset"
[2016.11.06-22.21.53:808][  0]LogPackFactory: Copied "../../../Samples/StarterContent/Content/StarterContent/Materials/M_Concrete_Tiles.uasset" to "../../../../../../Users/Roko/Documents/Unreal Projects/GSP340GrpBWk2Ilab/Content/StarterContent/Materials/M_Concrete_Tiles.uasset"
[2016.11.06-22.21.53:864][  0]LogPackFactory: Copied "../../../Samples/StarterContent/Content/StarterContent/Materials/M_Glass.uasset" to "../../../../../../Users/Roko/Documents/Unreal Projects/GSP340GrpBWk2Ilab/Content/StarterContent/Materials/M_Glass.uasset"
[2016.11.06-22.21.54:174][  0]LogPackFactory: Copied "../../../Samples/StarterContent/Content/StarterContent/Materials/M_Ground_Grass.uasset" to "../../../../../../Users/Roko/Documents/Unreal Projects/GSP340GrpBWk2Ilab/Content/StarterContent/Materials/M_Ground_Grass.uasset"
[2016.11.06-22.21.54:429][  0]LogPackFactory: Copied "../../../Samples/StarterContent/Content/StarterContent/Materials/M_Ground_Gravel.uasset" to "../../../../../../Users/Roko/Documents/Unreal Projects/GSP340GrpBWk2Ilab/Content/StarterContent/Materials/M_Ground_Gravel.uasset"
[2016.11.06-22.21.54:682][  0]LogPackFactory: Copied "../../../Samples/StarterContent/Content/StarterContent/Materials/M_Ground_Moss.uasset" to "../../../../../../Users/Roko/Documents/Unreal Projects/GSP340GrpBWk2Ilab/Content/StarterContent/Materials/M_Ground_Moss.uasset"
[2016.11.06-22.21.55:053][  0]LogPackFactory: Copied "../../../Samples/StarterContent/Content/StarterContent/Materials/M_Metal_Brushed_Nickel.uasset" to "../../../../../../Users/Roko/Documents/Unreal Projects/GSP340GrpBWk2Ilab/Content/StarterContent/Materials/M_Metal_Brushed_Nickel.uasset"
[2016.11.06-22.21.56:145][  0]LogPackFactory: Copied "../../../Samples/StarterContent/Content/StarterContent/Materials/M_Metal_Burnished_Steel.uasset" to "../../../../../../Users/Roko/Documents/Unreal Projects/GSP340GrpBWk2Ilab/Content/StarterContent/Materials/M_Metal_Burnished_Steel.uasset"
[2016.11.06-22.21.56:624][  0]LogPackFactory: Copied "../../../Samples/StarterContent/Content/StarterContent/Materials/M_Metal_Chrome.uasset" to "../../../../../../Users/Roko/Documents/Unreal Projects/GSP340GrpBWk2Ilab/Content/StarterContent/Materials/M_Metal_Chrome.uasset"
[2016.11.06-22.21.56:909][  0]LogPackFactory: Copied "../../../Samples/StarterContent/Content/StarterContent/Materials/M_Metal_Copper.uasset" to "../../../../../../Users/Roko/Documents/Unreal Projects/GSP340GrpBWk2Ilab/Content/StarterContent/Materials/M_Metal_Copper.uasset"
[2016.11.06-22.21.57:225][  0]LogPackFactory: Copied "../../../Samples/StarterContent/Content/StarterContent/Materials/M_Metal_Gold.uasset" to "../../../../../../Users/Roko/Documents/Unreal Projects/GSP340GrpBWk2Ilab/Content/StarterContent/Materials/M_Metal_Gold.uasset"
[2016.11.06-22.21.57:660][  0]LogPackFactory: Copied "../../../Samples/StarterContent/Content/StarterContent/Materials/M_Metal_Rust.uasset" to "../../../../../../Users/Roko/Documents/Unreal Projects/GSP340GrpBWk2Ilab/Content/StarterContent/Materials/M_Metal_Rust.uasset"
[2016.11.06-22.21.57:894][  0]LogPackFactory: Copied "../../../Samples/StarterContent/Content/StarterContent/Materials/M_Metal_Steel.uasset" to "../../../../../../Users/Roko/Documents/Unreal Projects/GSP340GrpBWk2Ilab/Content/StarterContent/Materials/M_Metal_Steel.uasset"
[2016.11.06-22.21.58:208][  0]LogPackFactory: Copied "../../../Samples/StarterContent/Content/StarterContent/Materials/M_Rock_Basalt.uasset" to "../../../../../../Users/Roko/Documents/Unreal Projects/GSP340GrpBWk2Ilab/Content/StarterContent/Materials/M_Rock_Basalt.uasset"
[2016.11.06-22.21.58:462][  0]LogPackFactory: Copied "../../../Samples/StarterContent/Content/StarterContent/Materials/M_Rock_Marble_Polished.uasset" to "../../../../../../Users/Roko/Documents/Unreal Projects/GSP340GrpBWk2Ilab/Content/StarterContent/Materials/M_Rock_Marble_Polished.uasset"
[2016.11.06-22.21.58:588][  0]LogPackFactory: Copied "../../../Samples/StarterContent/Content/StarterContent/Materials/M_Rock_Sandstone.uasset" to "../../../../../../Users/Roko/Documents/Unreal Projects/GSP340GrpBWk2Ilab/Content/StarterContent/Materials/M_Rock_Sandstone.uasset"
[2016.11.06-22.21.58:806][  0]LogPackFactory: Copied "../../../Samples/StarterContent/Content/StarterContent/Materials/M_Rock_Slate.uasset" to "../../../../../../Users/Roko/Documents/Unreal Projects/GSP340GrpBWk2Ilab/Content/StarterContent/Materials/M_Rock_Slate.uasset"
[2016.11.06-22.21.59:336][  0]LogPackFactory: Copied "../../../Samples/StarterContent/Content/StarterContent/Materials/M_Tech_Checker_Dot.uasset" to "../../../../../../Users/Roko/Documents/Unreal Projects/GSP340GrpBWk2Ilab/Content/StarterContent/Materials/M_Tech_Checker_Dot.uasset"
[2016.11.06-22.21.59:780][  0]LogPackFactory: Copied "../../../Samples/StarterContent/Content/StarterContent/Materials/M_Tech_Hex_Tile.uasset" to "../../../../../../Users/Roko/Documents/Unreal Projects/GSP340GrpBWk2Ilab/Content/StarterContent/Materials/M_Tech_Hex_Tile.uasset"
[2016.11.06-22.22.00:430][  0]LogPackFactory: Copied "../../../Samples/StarterContent/Content/StarterContent/Materials/M_Tech_Hex_Tile_Pulse.uasset" to "../../../../../../Users/Roko/Documents/Unreal Projects/GSP340GrpBWk2Ilab/Content/StarterContent/Materials/M_Tech_Hex_Tile_Pulse.uasset"
[2016.11.06-22.22.00:826][  0]LogPackFactory: Copied "../../../Samples/StarterContent/Content/StarterContent/Materials/M_Tech_Panel.uasset" to "../../../../../../Users/Roko/Documents/Unreal Projects/GSP340GrpBWk2Ilab/Content/StarterContent/Materials/M_Tech_Panel.uasset"
[2016.11.06-22.22.01:439][  0]LogPackFactory: Copied "../../../Samples/StarterContent/Content/StarterContent/Materials/M_Water_Lake.uasset" to "../../../../../../Users/Roko/Documents/Unreal Projects/GSP340GrpBWk2Ilab/Content/StarterContent/Materials/M_Water_Lake.uasset"
[2016.11.06-22.22.01:845][  0]LogPackFactory: Copied "../../../Samples/StarterContent/Content/StarterContent/Materials/M_Water_Ocean.uasset" to "../../../../../../Users/Roko/Documents/Unreal Projects/GSP340GrpBWk2Ilab/Content/StarterContent/Materials/M_Water_Ocean.uasset"
[2016.11.06-22.22.02:209][  0]LogPackFactory: Copied "../../../Samples/StarterContent/Content/StarterContent/Materials/M_Wood_Floor_Walnut_Polished.uasset" to "../../../../../../Users/Roko/Documents/Unreal Projects/GSP340GrpBWk2Ilab/Content/StarterContent/Materials/M_Wood_Floor_Walnut_Polished.uasset"
[2016.11.06-22.22.02:393][  0]LogPackFactory: Copied "../../../Samples/StarterContent/Content/StarterContent/Materials/M_Wood_Floor_Walnut_Worn.uasset" to "../../../../../../Users/Roko/Documents/Unreal Projects/GSP340GrpBWk2Ilab/Content/StarterContent/Materials/M_Wood_Floor_Walnut_Worn.uasset"
[2016.11.06-22.22.02:678][  0]LogPackFactory: Copied "../../../Samples/StarterContent/Content/StarterContent/Materials/M_Wood_Oak.uasset" to "../../../../../../Users/Roko/Documents/Unreal Projects/GSP340GrpBWk2Ilab/Content/StarterContent/Materials/M_Wood_Oak.uasset"
[2016.11.06-22.22.03:014][  0]LogPackFactory: Copied "../../../Samples/StarterContent/Content/StarterContent/Materials/M_Wood_Pine.uasset" to "../../../../../../Users/Roko/Documents/Unreal Projects/GSP340GrpBWk2Ilab/Content/StarterContent/Materials/M_Wood_Pine.uasset"
[2016.11.06-22.22.03:366][  0]LogPackFactory: Copied "../../../Samples/StarterContent/Content/StarterContent/Materials/M_Wood_Walnut.uasset" to "../../../../../../Users/Roko/Documents/Unreal Projects/GSP340GrpBWk2Ilab/Content/StarterContent/Materials/M_Wood_Walnut.uasset"
[2016.11.06-22.22.03:441][  0]LogPackFactory: Copied "../../../Samples/StarterContent/Content/StarterContent/Particles/P_Ambient_Dust.uasset" to "../../../../../../Users/Roko/Documents/Unreal Projects/GSP340GrpBWk2Ilab/Content/StarterContent/Particles/P_Ambient_Dust.uasset"
[2016.11.06-22.22.03:710][  0]LogPackFactory: Copied "../../../Samples/StarterContent/Content/StarterContent/Particles/P_Explosion.uasset" to "../../../../../../Users/Roko/Documents/Unreal Projects/GSP340GrpBWk2Ilab/Content/StarterContent/Particles/P_Explosion.uasset"
[2016.11.06-22.22.04:282][  0]LogPackFactory: Copied "../../../Samples/StarterContent/Content/StarterContent/Particles/P_Fire.uasset" to "../../../../../../Users/Roko/Documents/Unreal Projects/GSP340GrpBWk2Ilab/Content/StarterContent/Particles/P_Fire.uasset"
[2016.11.06-22.22.04:366][  0]LogPackFactory: Copied "../../../Samples/StarterContent/Content/StarterContent/Particles/P_Smoke.uasset" to "../../../../../../Users/Roko/Documents/Unreal Projects/GSP340GrpBWk2Ilab/Content/StarterContent/Particles/P_Smoke.uasset"
[2016.11.06-22.22.04:538][  0]LogPackFactory: Copied "../../../Samples/StarterContent/Content/StarterContent/Particles/P_Sparks.uasset" to "../../../../../../Users/Roko/Documents/Unreal Projects/GSP340GrpBWk2Ilab/Content/StarterContent/Particles/P_Sparks.uasset"
[2016.11.06-22.22.04:627][  0]LogPackFactory: Copied "../../../Samples/StarterContent/Content/StarterContent/Particles/P_Steam_Lit.uasset" to "../../../../../../Users/Roko/Documents/Unreal Projects/GSP340GrpBWk2Ilab/Content/StarterContent/Particles/P_Steam_Lit.uasset"
[2016.11.06-22.22.04:656][  0]LogPackFactory: Copied "../../../Samples/StarterContent/Content/StarterContent/Particles/Materials/M_Burst.uasset" to "../../../../../../Users/Roko/Documents/Unreal Projects/GSP340GrpBWk2Ilab/Content/StarterContent/Particles/Materials/M_Burst.uasset"
[2016.11.06-22.22.04:725][  0]LogPackFactory: Copied "../../../Samples/StarterContent/Content/StarterContent/Particles/Materials/M_Dust_Particle.uasset" to "../../../../../../Users/Roko/Documents/Unreal Projects/GSP340GrpBWk2Ilab/Content/StarterContent/Particles/Materials/M_Dust_Particle.uasset"
[2016.11.06-22.22.04:896][  0]LogPackFactory: Copied "../../../Samples/StarterContent/Content/StarterContent/Particles/Materials/M_explosion_subUV.uasset" to "../../../../../../Users/Roko/Documents/Unreal Projects/GSP340GrpBWk2Ilab/Content/StarterContent/Particles/Materials/M_explosion_subUV.uasset"
[2016.11.06-22.22.05:175][  0]LogPackFactory: Copied "../../../Samples/StarterContent/Content/StarterContent/Particles/Materials/M_Fire_SubUV.uasset" to "../../../../../../Users/Roko/Documents/Unreal Projects/GSP340GrpBWk2Ilab/Content/StarterContent/Particles/Materials/M_Fire_SubUV.uasset"
[2016.11.06-22.22.05:298][  0]LogPackFactory: Copied "../../../Samples/StarterContent/Content/StarterContent/Particles/Materials/m_flare_01.uasset" to "../../../../../../Users/Roko/Documents/Unreal Projects/GSP340GrpBWk2Ilab/Content/StarterContent/Particles/Materials/m_flare_01.uasset"
[2016.11.06-22.22.05:403][  0]LogPackFactory: Copied "../../../Samples/StarterContent/Content/StarterContent/Particles/Materials/M_Heat_Distortion.uasset" to "../../../../../../Users/Roko/Documents/Unreal Projects/GSP340GrpBWk2Ilab/Content/StarterContent/Particles/Materials/M_Heat_Distortion.uasset"
[2016.11.06-22.22.05:443][  0]LogPackFactory: Copied "../../../Samples/StarterContent/Content/StarterContent/Particles/Materials/M_Radial_Gradient.uasset" to "../../../../../../Users/Roko/Documents/Unreal Projects/GSP340GrpBWk2Ilab/Content/StarterContent/Particles/Materials/M_Radial_Gradient.uasset"
[2016.11.06-22.22.05:487][  0]LogPackFactory: Copied "../../../Samples/StarterContent/Content/StarterContent/Particles/Materials/M_radial_ramp.uasset" to "../../../../../../Users/Roko/Documents/Unreal Projects/GSP340GrpBWk2Ilab/Content/StarterContent/Particles/Materials/M_radial_ramp.uasset"
[2016.11.06-22.22.05:514][  0]LogPackFactory: Copied "../../../Samples/StarterContent/Content/StarterContent/Particles/Materials/M_smoke_subUV.uasset" to "../../../../../../Users/Roko/Documents/Unreal Projects/GSP340GrpBWk2Ilab/Content/StarterContent/Particles/Materials/M_smoke_subUV.uasset"
[2016.11.06-22.22.05:582][  0]LogPackFactory: Copied "../../../Samples/StarterContent/Content/StarterContent/Particles/Materials/M_Spark.uasset" to "../../../../../../Users/Roko/Documents/Unreal Projects/GSP340GrpBWk2Ilab/Content/StarterContent/Particles/Materials/M_Spark.uasset"
[2016.11.06-22.22.05:798][  0]LogPackFactory: Copied "../../../Samples/StarterContent/Content/StarterContent/Props/MaterialSphere.uasset" to "../../../../../../Users/Roko/Documents/Unreal Projects/GSP340GrpBWk2Ilab/Content/StarterContent/Props/MaterialSphere.uasset"
[2016.11.06-22.22.05:836][  0]LogPackFactory: Copied "../../../Samples/StarterContent/Content/StarterContent/Props/SM_Bush.uasset" to "../../../../../../Users/Roko/Documents/Unreal Projects/GSP340GrpBWk2Ilab/Content/StarterContent/Props/SM_Bush.uasset"
[2016.11.06-22.22.05:978][  0]LogPackFactory: Copied "../../../Samples/StarterContent/Content/StarterContent/Props/SM_Chair.uasset" to "../../../../../../Users/Roko/Documents/Unreal Projects/GSP340GrpBWk2Ilab/Content/StarterContent/Props/SM_Chair.uasset"
[2016.11.06-22.22.06:290][  0]LogPackFactory: Copied "../../../Samples/StarterContent/Content/StarterContent/Props/SM_CornerFrame.uasset" to "../../../../../../Users/Roko/Documents/Unreal Projects/GSP340GrpBWk2Ilab/Content/StarterContent/Props/SM_CornerFrame.uasset"
[2016.11.06-22.22.06:656][  0]LogPackFactory: Copied "../../../Samples/StarterContent/Content/StarterContent/Props/SM_Couch.uasset" to "../../../../../../Users/Roko/Documents/Unreal Projects/GSP340GrpBWk2Ilab/Content/StarterContent/Props/SM_Couch.uasset"
[2016.11.06-22.22.07:172][  0]LogPackFactory: Copied "../../../Samples/StarterContent/Content/StarterContent/Props/SM_Door.uasset" to "../../../../../../Users/Roko/Documents/Unreal Projects/GSP340GrpBWk2Ilab/Content/StarterContent/Props/SM_Door.uasset"
[2016.11.06-22.22.07:510][  0]LogPackFactory: Copied "../../../Samples/StarterContent/Content/StarterContent/Props/SM_DoorFrame.uasset" to "../../../../../../Users/Roko/Documents/Unreal Projects/GSP340GrpBWk2Ilab/Content/StarterContent/Props/SM_DoorFrame.uasset"
[2016.11.06-22.22.07:702][  0]LogPackFactory: Copied "../../../Samples/StarterContent/Content/StarterContent/Props/SM_GlassWindow.uasset" to "../../../../../../Users/Roko/Documents/Unreal Projects/GSP340GrpBWk2Ilab/Content/StarterContent/Props/SM_GlassWindow.uasset"
[2016.11.06-22.22.07:880][  0]LogPackFactory: Copied "../../../Samples/StarterContent/Content/StarterContent/Props/SM_Lamp_Ceiling.uasset" to "../../../../../../Users/Roko/Documents/Unreal Projects/GSP340GrpBWk2Ilab/Content/StarterContent/Props/SM_Lamp_Ceiling.uasset"
[2016.11.06-22.22.08:098][  0]LogPackFactory: Copied "../../../Samples/StarterContent/Content/StarterContent/Props/SM_Lamp_Wall.uasset" to "../../../../../../Users/Roko/Documents/Unreal Projects/GSP340GrpBWk2Ilab/Content/StarterContent/Props/SM_Lamp_Wall.uasset"
[2016.11.06-22.22.09:184][  0]LogPackFactory: Copied "../../../Samples/StarterContent/Content/StarterContent/Props/SM_MatPreviewMesh_02.uasset" to "../../../../../../Users/Roko/Documents/Unreal Projects/GSP340GrpBWk2Ilab/Content/StarterContent/Props/SM_MatPreviewMesh_02.uasset"
[2016.11.06-22.22.09:320][  0]LogPackFactory: Copied "../../../Samples/StarterContent/Content/StarterContent/Props/SM_PillarFrame.uasset" to "../../../../../../Users/Roko/Documents/Unreal Projects/GSP340GrpBWk2Ilab/Content/StarterContent/Props/SM_PillarFrame.uasset"
[2016.11.06-22.22.09:449][  0]LogPackFactory: Copied "../../../Samples/StarterContent/Content/StarterContent/Props/SM_PillarFrame300.uasset" to "../../../../../../Users/Roko/Documents/Unreal Projects/GSP340GrpBWk2Ilab/Content/StarterContent/Props/SM_PillarFrame300.uasset"
[2016.11.06-22.22.09:580][  0]LogPackFactory: Copied "../../../Samples/StarterContent/Content/StarterContent/Props/SM_Rock.uasset" to "../../../../../../Users/Roko/Documents/Unreal Projects/GSP340GrpBWk2Ilab/Content/StarterContent/Props/SM_Rock.uasset"
[2016.11.06-22.22.09:727][  0]LogPackFactory: Copied "../../../Samples/StarterContent/Content/StarterContent/Props/SM_Shelf.uasset" to "../../../../../../Users/Roko/Documents/Unreal Projects/GSP340GrpBWk2Ilab/Content/StarterContent/Props/SM_Shelf.uasset"
[2016.11.06-22.22.09:873][  0]LogPackFactory: Copied "../../../Samples/StarterContent/Content/StarterContent/Props/SM_Stairs.uasset" to "../../../../../../Users/Roko/Documents/Unreal Projects/GSP340GrpBWk2Ilab/Content/StarterContent/Props/SM_Stairs.uasset"
[2016.11.06-22.22.10:299][  0]LogPackFactory: Copied "../../../Samples/StarterContent/Content/StarterContent/Props/SM_Statue.uasset" to "../../../../../../Users/Roko/Documents/Unreal Projects/GSP340GrpBWk2Ilab/Content/StarterContent/Props/SM_Statue.uasset"
[2016.11.06-22.22.10:662][  0]LogPackFactory: Copied "../../../Samples/StarterContent/Content/StarterContent/Props/SM_TableRound.uasset" to "../../../../../../Users/Roko/Documents/Unreal Projects/GSP340GrpBWk2Ilab/Content/StarterContent/Props/SM_TableRound.uasset"
[2016.11.06-22.22.10:825][  0]LogPackFactory: Copied "../../../Samples/StarterContent/Content/StarterContent/Props/SM_WindowFrame.uasset" to "../../../../../../Users/Roko/Documents/Unreal Projects/GSP340GrpBWk2Ilab/Content/StarterContent/Props/SM_WindowFrame.uasset"
[2016.11.06-22.22.10:934][  0]LogPackFactory: Copied "../../../Samples/StarterContent/Content/StarterContent/Props/Materials/M_Bush.uasset" to "../../../../../../Users/Roko/Documents/Unreal Projects/GSP340GrpBWk2Ilab/Content/StarterContent/Props/Materials/M_Bush.uasset"
[2016.11.06-22.22.11:057][  0]LogPackFactory: Copied "../../../Samples/StarterContent/Content/StarterContent/Props/Materials/M_Chair.uasset" to "../../../../../../Users/Roko/Documents/Unreal Projects/GSP340GrpBWk2Ilab/Content/StarterContent/Props/Materials/M_Chair.uasset"
[2016.11.06-22.22.11:242][  0]LogPackFactory: Copied "../../../Samples/StarterContent/Content/StarterContent/Props/Materials/M_Door.uasset" to "../../../../../../Users/Roko/Documents/Unreal Projects/GSP340GrpBWk2Ilab/Content/StarterContent/Props/Materials/M_Door.uasset"
[2016.11.06-22.22.11:462][  0]LogPackFactory: Copied "../../../Samples/StarterContent/Content/StarterContent/Props/Materials/M_Frame.uasset" to "../../../../../../Users/Roko/Documents/Unreal Projects/GSP340GrpBWk2Ilab/Content/StarterContent/Props/Materials/M_Frame.uasset"
[2016.11.06-22.22.11:523][  0]LogPackFactory: Copied "../../../Samples/StarterContent/Content/StarterContent/Props/Materials/M_Lamp.uasset" to "../../../../../../Users/Roko/Documents/Unreal Projects/GSP340GrpBWk2Ilab/Content/StarterContent/Props/Materials/M_Lamp.uasset"
[2016.11.06-22.22.11:575][  0]LogPackFactory: Copied "../../../Samples/StarterContent/Content/StarterContent/Props/Materials/M_MaterialSphere.uasset" to "../../../../../../Users/Roko/Documents/Unreal Projects/GSP340GrpBWk2Ilab/Content/StarterContent/Props/Materials/M_MaterialSphere.uasset"
[2016.11.06-22.22.11:649][  0]LogPackFactory: Copied "../../../Samples/StarterContent/Content/StarterContent/Props/Materials/M_MaterialSphere_Plain.uasset" to "../../../../../../Users/Roko/Documents/Unreal Projects/GSP340GrpBWk2Ilab/Content/StarterContent/Props/Materials/M_MaterialSphere_Plain.uasset"
[2016.11.06-22.22.11:801][  0]LogPackFactory: Copied "../../../Samples/StarterContent/Content/StarterContent/Props/Materials/M_Rock.uasset" to "../../../../../../Users/Roko/Documents/Unreal Projects/GSP340GrpBWk2Ilab/Content/StarterContent/Props/Materials/M_Rock.uasset"
[2016.11.06-22.22.11:851][  0]LogPackFactory: Copied "../../../Samples/StarterContent/Content/StarterContent/Props/Materials/M_Shelf.uasset" to "../../../../../../Users/Roko/Documents/Unreal Projects/GSP340GrpBWk2Ilab/Content/StarterContent/Props/Materials/M_Shelf.uasset"
[2016.11.06-22.22.12:201][  0]LogPackFactory: Copied "../../../Samples/StarterContent/Content/StarterContent/Props/Materials/M_Statue.uasset" to "../../../../../../Users/Roko/Documents/Unreal Projects/GSP340GrpBWk2Ilab/Content/StarterContent/Props/Materials/M_Statue.uasset"
[2016.11.06-22.22.12:355][  0]LogPackFactory: Copied "../../../Samples/StarterContent/Content/StarterContent/Props/Materials/M_StatueGlass.uasset" to "../../../../../../Users/Roko/Documents/Unreal Projects/GSP340GrpBWk2Ilab/Content/StarterContent/Props/Materials/M_StatueGlass.uasset"
[2016.11.06-22.22.12:576][  0]LogPackFactory: Copied "../../../Samples/StarterContent/Content/StarterContent/Props/Materials/M_TableRound.uasset" to "../../../../../../Users/Roko/Documents/Unreal Projects/GSP340GrpBWk2Ilab/Content/StarterContent/Props/Materials/M_TableRound.uasset"
[2016.11.06-22.22.12:787][  0]LogPackFactory: Copied "../../../Samples/StarterContent/Content/StarterContent/Shapes/Shape_Cone.uasset" to "../../../../../../Users/Roko/Documents/Unreal Projects/GSP340GrpBWk2Ilab/Content/StarterContent/Shapes/Shape_Cone.uasset"
[2016.11.06-22.22.12:908][  0]LogPackFactory: Copied "../../../Samples/StarterContent/Content/StarterContent/Shapes/Shape_Cube.uasset" to "../../../../../../Users/Roko/Documents/Unreal Projects/GSP340GrpBWk2Ilab/Content/StarterContent/Shapes/Shape_Cube.uasset"
[2016.11.06-22.22.13:283][  0]LogPackFactory: Copied "../../../Samples/StarterContent/Content/StarterContent/Shapes/Shape_Cylinder.uasset" to "../../../../../../Users/Roko/Documents/Unreal Projects/GSP340GrpBWk2Ilab/Content/StarterContent/Shapes/Shape_Cylinder.uasset"
[2016.11.06-22.22.13:618][  0]LogPackFactory: Copied "../../../Samples/StarterContent/Content/StarterContent/Shapes/Shape_NarrowCapsule.uasset" to "../../../../../../Users/Roko/Documents/Unreal Projects/GSP340GrpBWk2Ilab/Content/StarterContent/Shapes/Shape_NarrowCapsule.uasset"
[2016.11.06-22.22.13:835][  0]LogPackFactory: Copied "../../../Samples/StarterContent/Content/StarterContent/Shapes/Shape_Pipe.uasset" to "../../../../../../Users/Roko/Documents/Unreal Projects/GSP340GrpBWk2Ilab/Content/StarterContent/Shapes/Shape_Pipe.uasset"
[2016.11.06-22.22.14:334][  0]LogPackFactory: Copied "../../../Samples/StarterContent/Content/StarterContent/Shapes/Shape_Pipe_180.uasset" to "../../../../../../Users/Roko/Documents/Unreal Projects/GSP340GrpBWk2Ilab/Content/StarterContent/Shapes/Shape_Pipe_180.uasset"
[2016.11.06-22.22.14:613][  0]LogPackFactory: Copied "../../../Samples/StarterContent/Content/StarterContent/Shapes/Shape_Pipe_90.uasset" to "../../../../../../Users/Roko/Documents/Unreal Projects/GSP340GrpBWk2Ilab/Content/StarterContent/Shapes/Shape_Pipe_90.uasset"
[2016.11.06-22.22.14:911][  0]LogPackFactory: Copied "../../../Samples/StarterContent/Content/StarterContent/Shapes/Shape_Plane.uasset" to "../../../../../../Users/Roko/Documents/Unreal Projects/GSP340GrpBWk2Ilab/Content/StarterContent/Shapes/Shape_Plane.uasset"
[2016.11.06-22.22.15:093][  0]LogPackFactory: Copied "../../../Samples/StarterContent/Content/StarterContent/Shapes/Shape_QuadPyramid.uasset" to "../../../../../../Users/Roko/Documents/Unreal Projects/GSP340GrpBWk2Ilab/Content/StarterContent/Shapes/Shape_QuadPyramid.uasset"
[2016.11.06-22.22.15:497][  0]LogPackFactory: Copied "../../../Samples/StarterContent/Content/StarterContent/Shapes/Shape_Sphere.uasset" to "../../../../../../Users/Roko/Documents/Unreal Projects/GSP340GrpBWk2Ilab/Content/StarterContent/Shapes/Shape_Sphere.uasset"
[2016.11.06-22.22.15:888][  0]LogPackFactory: Copied "../../../Samples/StarterContent/Content/StarterContent/Shapes/Shape_Torus.uasset" to "../../../../../../Users/Roko/Documents/Unreal Projects/GSP340GrpBWk2Ilab/Content/StarterContent/Shapes/Shape_Torus.uasset"
[2016.11.06-22.22.16:147][  0]LogPackFactory: Copied "../../../Samples/StarterContent/Content/StarterContent/Shapes/Shape_Trim.uasset" to "../../../../../../Users/Roko/Documents/Unreal Projects/GSP340GrpBWk2Ilab/Content/StarterContent/Shapes/Shape_Trim.uasset"
[2016.11.06-22.22.16:333][  0]LogPackFactory: Copied "../../../Samples/StarterContent/Content/StarterContent/Shapes/Shape_Trim_90_In.uasset" to "../../../../../../Users/Roko/Documents/Unreal Projects/GSP340GrpBWk2Ilab/Content/StarterContent/Shapes/Shape_Trim_90_In.uasset"
[2016.11.06-22.22.16:510][  0]LogPackFactory: Copied "../../../Samples/StarterContent/Content/StarterContent/Shapes/Shape_Trim_90_Out.uasset" to "../../../../../../Users/Roko/Documents/Unreal Projects/GSP340GrpBWk2Ilab/Content/StarterContent/Shapes/Shape_Trim_90_Out.uasset"
[2016.11.06-22.22.16:568][  0]LogPackFactory: Copied "../../../Samples/StarterContent/Content/StarterContent/Shapes/Shape_TriPyramid.uasset" to "../../../../../../Users/Roko/Documents/Unreal Projects/GSP340GrpBWk2Ilab/Content/StarterContent/Shapes/Shape_TriPyramid.uasset"
[2016.11.06-22.22.16:824][  0]LogPackFactory: Copied "../../../Samples/StarterContent/Content/StarterContent/Shapes/Shape_Tube.uasset" to "../../../../../../Users/Roko/Documents/Unreal Projects/GSP340GrpBWk2Ilab/Content/StarterContent/Shapes/Shape_Tube.uasset"
[2016.11.06-22.22.16:930][  0]LogPackFactory: Copied "../../../Samples/StarterContent/Content/StarterContent/Shapes/Shape_Wedge_A.uasset" to "../../../../../../Users/Roko/Documents/Unreal Projects/GSP340GrpBWk2Ilab/Content/StarterContent/Shapes/Shape_Wedge_A.uasset"
[2016.11.06-22.22.17:007][  0]LogPackFactory: Copied "../../../Samples/StarterContent/Content/StarterContent/Shapes/Shape_Wedge_B.uasset" to "../../../../../../Users/Roko/Documents/Unreal Projects/GSP340GrpBWk2Ilab/Content/StarterContent/Shapes/Shape_Wedge_B.uasset"
[2016.11.06-22.22.17:225][  0]LogPackFactory: Copied "../../../Samples/StarterContent/Content/StarterContent/Shapes/Shape_WideCapsule.uasset" to "../../../../../../Users/Roko/Documents/Unreal Projects/GSP340GrpBWk2Ilab/Content/StarterContent/Shapes/Shape_WideCapsule.uasset"
[2016.11.06-22.22.19:803][  0]LogPackFactory: Copied "../../../Samples/StarterContent/Content/StarterContent/Textures/T_Brick_Clay_Beveled_D.uasset" to "../../../../../../Users/Roko/Documents/Unreal Projects/GSP340GrpBWk2Ilab/Content/StarterContent/Textures/T_Brick_Clay_Beveled_D.uasset"
[2016.11.06-22.22.21:628][  0]LogPackFactory: Copied "../../../Samples/StarterContent/Content/StarterContent/Textures/T_Brick_Clay_Beveled_M.uasset" to "../../../../../../Users/Roko/Documents/Unreal Projects/GSP340GrpBWk2Ilab/Content/StarterContent/Textures/T_Brick_Clay_Beveled_M.uasset"
[2016.11.06-22.22.23:454][  0]LogPackFactory: Copied "../../../Samples/StarterContent/Content/StarterContent/Textures/T_Brick_Clay_Beveled_N.uasset" to "../../../../../../Users/Roko/Documents/Unreal Projects/GSP340GrpBWk2Ilab/Content/StarterContent/Textures/T_Brick_Clay_Beveled_N.uasset"
[2016.11.06-22.22.25:378][  0]LogPackFactory: Copied "../../../Samples/StarterContent/Content/StarterContent/Textures/T_Brick_Clay_New_D.uasset" to "../../../../../../Users/Roko/Documents/Unreal Projects/GSP340GrpBWk2Ilab/Content/StarterContent/Textures/T_Brick_Clay_New_D.uasset"
[2016.11.06-22.22.26:579][  0]LogPackFactory: Copied "../../../Samples/StarterContent/Content/StarterContent/Textures/T_Brick_Clay_New_M.uasset" to "../../../../../../Users/Roko/Documents/Unreal Projects/GSP340GrpBWk2Ilab/Content/StarterContent/Textures/T_Brick_Clay_New_M.uasset"
[2016.11.06-22.22.26:947][  0]LogPackFactory: Copied "../../../Samples/StarterContent/Content/StarterContent/Textures/T_Brick_Clay_New_N.uasset" to "../../../../../../Users/Roko/Documents/Unreal Projects/GSP340GrpBWk2Ilab/Content/StarterContent/Textures/T_Brick_Clay_New_N.uasset"
[2016.11.06-22.22.28:864][  0]LogPackFactory: Copied "../../../Samples/StarterContent/Content/StarterContent/Textures/T_Brick_Clay_Old_D.uasset" to "../../../../../../Users/Roko/Documents/Unreal Projects/GSP340GrpBWk2Ilab/Content/StarterContent/Textures/T_Brick_Clay_Old_D.uasset"
[2016.11.06-22.22.29:395][  0]LogPackFactory: Copied "../../../Samples/StarterContent/Content/StarterContent/Textures/T_Brick_Clay_Old_N.uasset" to "../../../../../../Users/Roko/Documents/Unreal Projects/GSP340GrpBWk2Ilab/Content/StarterContent/Textures/T_Brick_Clay_Old_N.uasset"
[2016.11.06-22.22.34:446][  0]LogPackFactory: Copied "../../../Samples/StarterContent/Content/StarterContent/Textures/T_Brick_Cut_Stone_D.uasset" to "../../../../../../Users/Roko/Documents/Unreal Projects/GSP340GrpBWk2Ilab/Content/StarterContent/Textures/T_Brick_Cut_Stone_D.uasset"
[2016.11.06-22.22.41:734][  0]LogPackFactory: Copied "../../../Samples/StarterContent/Content/StarterContent/Textures/T_Brick_Cut_Stone_N.uasset" to "../../../../../../Users/Roko/Documents/Unreal Projects/GSP340GrpBWk2Ilab/Content/StarterContent/Textures/T_Brick_Cut_Stone_N.uasset"
[2016.11.06-22.22.45:435][  0]LogPackFactory: Copied "../../../Samples/StarterContent/Content/StarterContent/Textures/T_Brick_Hewn_Stone_D.uasset" to "../../../../../../Users/Roko/Documents/Unreal Projects/GSP340GrpBWk2Ilab/Content/StarterContent/Textures/T_Brick_Hewn_Stone_D.uasset"
[2016.11.06-22.22.49:667][  0]LogPackFactory: Copied "../../../Samples/StarterContent/Content/StarterContent/Textures/T_Brick_Hewn_Stone_M.uasset" to "../../../../../../Users/Roko/Documents/Unreal Projects/GSP340GrpBWk2Ilab/Content/StarterContent/Textures/T_Brick_Hewn_Stone_M.uasset"
[2016.11.06-22.22.52:925][  0]LogPackFactory: Copied "../../../Samples/StarterContent/Content/StarterContent/Textures/T_Brick_Hewn_Stone_N.uasset" to "../../../../../../Users/Roko/Documents/Unreal Projects/GSP340GrpBWk2Ilab/Content/StarterContent/Textures/T_Brick_Hewn_Stone_N.uasset"
[2016.11.06-22.22.53:272][  0]LogPackFactory: Copied "../../../Samples/StarterContent/Content/StarterContent/Textures/T_Burst_M.uasset" to "../../../../../../Users/Roko/Documents/Unreal Projects/GSP340GrpBWk2Ilab/Content/StarterContent/Textures/T_Burst_M.uasset"
[2016.11.06-22.22.53:429][  0]LogPackFactory: Copied "../../../Samples/StarterContent/Content/StarterContent/Textures/T_Bush_D.uasset" to "../../../../../../Users/Roko/Documents/Unreal Projects/GSP340GrpBWk2Ilab/Content/StarterContent/Textures/T_Bush_D.uasset"
[2016.11.06-22.22.53:547][  0]LogPackFactory: Copied "../../../Samples/StarterContent/Content/StarterContent/Textures/T_Bush_N.uasset" to "../../../../../../Users/Roko/Documents/Unreal Projects/GSP340GrpBWk2Ilab/Content/StarterContent/Textures/T_Bush_N.uasset"
[2016.11.06-22.22.54:283][  0]LogPackFactory: Copied "../../../Samples/StarterContent/Content/StarterContent/Textures/T_Ceramic_Tile_M.uasset" to "../../../../../../Users/Roko/Documents/Unreal Projects/GSP340GrpBWk2Ilab/Content/StarterContent/Textures/T_Ceramic_Tile_M.uasset"
[2016.11.06-22.22.55:211][  0]LogPackFactory: Copied "../../../Samples/StarterContent/Content/StarterContent/Textures/T_Ceramic_Tile_N.uasset" to "../../../../../../Users/Roko/Documents/Unreal Projects/GSP340GrpBWk2Ilab/Content/StarterContent/Textures/T_Ceramic_Tile_N.uasset"
[2016.11.06-22.22.55:801][  0]LogPackFactory: Copied "../../../Samples/StarterContent/Content/StarterContent/Textures/T_Chair_M.uasset" to "../../../../../../Users/Roko/Documents/Unreal Projects/GSP340GrpBWk2Ilab/Content/StarterContent/Textures/T_Chair_M.uasset"
[2016.11.06-22.22.58:044][  0]LogPackFactory: Copied "../../../Samples/StarterContent/Content/StarterContent/Textures/T_Chair_N.uasset" to "../../../../../../Users/Roko/Documents/Unreal Projects/GSP340GrpBWk2Ilab/Content/StarterContent/Textures/T_Chair_N.uasset"
[2016.11.06-22.22.58:982][  0]LogPackFactory: Copied "../../../Samples/StarterContent/Content/StarterContent/Textures/T_Checker_Noise_M.uasset" to "../../../../../../Users/Roko/Documents/Unreal Projects/GSP340GrpBWk2Ilab/Content/StarterContent/Textures/T_Checker_Noise_M.uasset"
[2016.11.06-22.23.00:832][  0]LogPackFactory: Copied "../../../Samples/StarterContent/Content/StarterContent/Textures/T_CobbleStone_Pebble_D.uasset" to "../../../../../../Users/Roko/Documents/Unreal Projects/GSP340GrpBWk2Ilab/Content/StarterContent/Textures/T_CobbleStone_Pebble_D.uasset"
[2016.11.06-22.23.00:924][  0]LogPackFactory: Copied "../../../Samples/StarterContent/Content/StarterContent/Textures/T_CobbleStone_Pebble_M.uasset" to "../../../../../../Users/Roko/Documents/Unreal Projects/GSP340GrpBWk2Ilab/Content/StarterContent/Textures/T_CobbleStone_Pebble_M.uasset"
[2016.11.06-22.23.01:220][  0]LogPackFactory: Copied "../../../Samples/StarterContent/Content/StarterContent/Textures/T_CobbleStone_Pebble_N.uasset" to "../../../../../../Users/Roko/Documents/Unreal Projects/GSP340GrpBWk2Ilab/Content/StarterContent/Textures/T_CobbleStone_Pebble_N.uasset"
[2016.11.06-22.23.01:761][  0]LogPackFactory: Copied "../../../Samples/StarterContent/Content/StarterContent/Textures/T_CobbleStone_Rough_D.uasset" to "../../../../../../Users/Roko/Documents/Unreal Projects/GSP340GrpBWk2Ilab/Content/StarterContent/Textures/T_CobbleStone_Rough_D.uasset"
[2016.11.06-22.23.02:822][  0]LogPackFactory: Copied "../../../Samples/StarterContent/Content/StarterContent/Textures/T_CobbleStone_Rough_N.uasset" to "../../../../../../Users/Roko/Documents/Unreal Projects/GSP340GrpBWk2Ilab/Content/StarterContent/Textures/T_CobbleStone_Rough_N.uasset"
[2016.11.06-22.23.06:949][  0]LogPackFactory: Copied "../../../Samples/StarterContent/Content/StarterContent/Textures/T_CobbleStone_Smooth_D.uasset" to "../../../../../../Users/Roko/Documents/Unreal Projects/GSP340GrpBWk2Ilab/Content/StarterContent/Textures/T_CobbleStone_Smooth_D.uasset"
[2016.11.06-22.23.09:892][  0]LogPackFactory: Copied "../../../Samples/StarterContent/Content/StarterContent/Textures/T_CobbleStone_Smooth_M.uasset" to "../../../../../../Users/Roko/Documents/Unreal Projects/GSP340GrpBWk2Ilab/Content/StarterContent/Textures/T_CobbleStone_Smooth_M.uasset"
[2016.11.06-22.23.11:691][  0]LogPackFactory: Copied "../../../Samples/StarterContent/Content/StarterContent/Textures/T_CobbleStone_Smooth_N.uasset" to "../../../../../../Users/Roko/Documents/Unreal Projects/GSP340GrpBWk2Ilab/Content/StarterContent/Textures/T_CobbleStone_Smooth_N.uasset"
[2016.11.06-22.23.12:283][  0]LogPackFactory: Copied "../../../Samples/StarterContent/Content/StarterContent/Textures/T_Concrete_Grime_D.uasset" to "../../../../../../Users/Roko/Documents/Unreal Projects/GSP340GrpBWk2Ilab/Content/StarterContent/Textures/T_Concrete_Grime_D.uasset"
[2016.11.06-22.23.12:503][  0]LogPackFactory: Copied "../../../Samples/StarterContent/Content/StarterContent/Textures/T_Concrete_Panels_D.uasset" to "../../../../../../Users/Roko/Documents/Unreal Projects/GSP340GrpBWk2Ilab/Content/StarterContent/Textures/T_Concrete_Panels_D.uasset"
[2016.11.06-22.23.12:733][  0]LogPackFactory: Copied "../../../Samples/StarterContent/Content/StarterContent/Textures/T_Concrete_Panels_N.uasset" to "../../../../../../Users/Roko/Documents/Unreal Projects/GSP340GrpBWk2Ilab/Content/StarterContent/Textures/T_Concrete_Panels_N.uasset"
[2016.11.06-22.23.14:554][  0]LogPackFactory: Copied "../../../Samples/StarterContent/Content/StarterContent/Textures/T_Concrete_Poured_D.uasset" to "../../../../../../Users/Roko/Documents/Unreal Projects/GSP340GrpBWk2Ilab/Content/StarterContent/Textures/T_Concrete_Poured_D.uasset"
[2016.11.06-22.23.15:641][  0]LogPackFactory: Copied "../../../Samples/StarterContent/Content/StarterContent/Textures/T_Concrete_Poured_N.uasset" to "../../../../../../Users/Roko/Documents/Unreal Projects/GSP340GrpBWk2Ilab/Content/StarterContent/Textures/T_Concrete_Poured_N.uasset"
[2016.11.06-22.23.18:813][  0]LogPackFactory: Copied "../../../Samples/StarterContent/Content/StarterContent/Textures/T_Concrete_Tiles_D.uasset" to "../../../../../../Users/Roko/Documents/Unreal Projects/GSP340GrpBWk2Ilab/Content/StarterContent/Textures/T_Concrete_Tiles_D.uasset"
[2016.11.06-22.23.21:613][  0]LogPackFactory: Copied "../../../Samples/StarterContent/Content/StarterContent/Textures/T_Concrete_Tiles_M.uasset" to "../../../../../../Users/Roko/Documents/Unreal Projects/GSP340GrpBWk2Ilab/Content/StarterContent/Textures/T_Concrete_Tiles_M.uasset"
[2016.11.06-22.23.21:756][  0]LogPackFactory: Copied "../../../Samples/StarterContent/Content/StarterContent/Textures/T_Concrete_Tiles_N.uasset" to "../../../../../../Users/Roko/Documents/Unreal Projects/GSP340GrpBWk2Ilab/Content/StarterContent/Textures/T_Concrete_Tiles_N.uasset"
[2016.11.06-22.23.21:865][  0]LogPackFactory: Copied "../../../Samples/StarterContent/Content/StarterContent/Textures/T_Concrete_Tiles_Variation_M.uasset" to "../../../../../../Users/Roko/Documents/Unreal Projects/GSP340GrpBWk2Ilab/Content/StarterContent/Textures/T_Concrete_Tiles_Variation_M.uasset"
[2016.11.06-22.23.22:210][  0]LogPackFactory: Copied "../../../Samples/StarterContent/Content/StarterContent/Textures/T_Detail_Rocky_N.uasset" to "../../../../../../Users/Roko/Documents/Unreal Projects/GSP340GrpBWk2Ilab/Content/StarterContent/Textures/T_Detail_Rocky_N.uasset"
[2016.11.06-22.23.22:331][  0]LogPackFactory: Copied "../../../Samples/StarterContent/Content/StarterContent/Textures/T_Door_M.uasset" to "../../../../../../Users/Roko/Documents/Unreal Projects/GSP340GrpBWk2Ilab/Content/StarterContent/Textures/T_Door_M.uasset"
[2016.11.06-22.23.22:410][  0]LogPackFactory: Copied "../../../Samples/StarterContent/Content/StarterContent/Textures/T_Door_N.uasset" to "../../../../../../Users/Roko/Documents/Unreal Projects/GSP340GrpBWk2Ilab/Content/StarterContent/Textures/T_Door_N.uasset"
[2016.11.06-22.23.22:436][  0]LogPackFactory: Copied "../../../Samples/StarterContent/Content/StarterContent/Textures/T_Dust_Particle_D.uasset" to "../../../../../../Users/Roko/Documents/Unreal Projects/GSP340GrpBWk2Ilab/Content/StarterContent/Textures/T_Dust_Particle_D.uasset"
[2016.11.06-22.23.22:518][  0]LogPackFactory: Copied "../../../Samples/StarterContent/Content/StarterContent/Textures/T_Explosion_SubUV.uasset" to "../../../../../../Users/Roko/Documents/Unreal Projects/GSP340GrpBWk2Ilab/Content/StarterContent/Textures/T_Explosion_SubUV.uasset"
[2016.11.06-22.23.22:621][  0]LogPackFactory: Copied "../../../Samples/StarterContent/Content/StarterContent/Textures/T_Fire_SubUV.uasset" to "../../../../../../Users/Roko/Documents/Unreal Projects/GSP340GrpBWk2Ilab/Content/StarterContent/Textures/T_Fire_SubUV.uasset"
[2016.11.06-22.23.22:726][  0]LogPackFactory: Copied "../../../Samples/StarterContent/Content/StarterContent/Textures/T_Fire_Tiled_D.uasset" to "../../../../../../Users/Roko/Documents/Unreal Projects/GSP340GrpBWk2Ilab/Content/StarterContent/Textures/T_Fire_Tiled_D.uasset"
[2016.11.06-22.23.22:803][  0]LogPackFactory: Copied "../../../Samples/StarterContent/Content/StarterContent/Textures/T_Frame_M.uasset" to "../../../../../../Users/Roko/Documents/Unreal Projects/GSP340GrpBWk2Ilab/Content/StarterContent/Textures/T_Frame_M.uasset"
[2016.11.06-22.23.22:879][  0]LogPackFactory: Copied "../../../Samples/StarterContent/Content/StarterContent/Textures/T_Frame_N.uasset" to "../../../../../../Users/Roko/Documents/Unreal Projects/GSP340GrpBWk2Ilab/Content/StarterContent/Textures/T_Frame_N.uasset"
[2016.11.06-22.23.22:928][  0]LogPackFactory: Copied "../../../Samples/StarterContent/Content/StarterContent/Textures/T_Gradinet_01.uasset" to "../../../../../../Users/Roko/Documents/Unreal Projects/GSP340GrpBWk2Ilab/Content/StarterContent/Textures/T_Gradinet_01.uasset"
[2016.11.06-22.23.23:548][  0]LogPackFactory: Copied "../../../Samples/StarterContent/Content/StarterContent/Textures/T_Ground_Grass_D.uasset" to "../../../../../../Users/Roko/Documents/Unreal Projects/GSP340GrpBWk2Ilab/Content/StarterContent/Textures/T_Ground_Grass_D.uasset"
[2016.11.06-22.23.23:882][  0]LogPackFactory: Copied "../../../Samples/StarterContent/Content/StarterContent/Textures/T_Ground_Grass_N.uasset" to "../../../../../../Users/Roko/Documents/Unreal Projects/GSP340GrpBWk2Ilab/Content/StarterContent/Textures/T_Ground_Grass_N.uasset"
[2016.11.06-22.23.24:687][  0]LogPackFactory: Copied "../../../Samples/StarterContent/Content/StarterContent/Textures/T_Ground_Gravel_D.uasset" to "../../../../../../Users/Roko/Documents/Unreal Projects/GSP340GrpBWk2Ilab/Content/StarterContent/Textures/T_Ground_Gravel_D.uasset"
[2016.11.06-22.23.27:625][  0]LogPackFactory: Copied "../../../Samples/StarterContent/Content/StarterContent/Textures/T_Ground_Gravel_N.uasset" to "../../../../../../Users/Roko/Documents/Unreal Projects/GSP340GrpBWk2Ilab/Content/StarterContent/Textures/T_Ground_Gravel_N.uasset"
[2016.11.06-22.23.32:330][  0]LogPackFactory: Copied "../../../Samples/StarterContent/Content/StarterContent/Textures/T_ground_Moss_D.uasset" to "../../../../../../Users/Roko/Documents/Unreal Projects/GSP340GrpBWk2Ilab/Content/StarterContent/Textures/T_ground_Moss_D.uasset"
[2016.11.06-22.23.33:960][  0]LogPackFactory: Copied "../../../Samples/StarterContent/Content/StarterContent/Textures/T_Ground_Moss_N.uasset" to "../../../../../../Users/Roko/Documents/Unreal Projects/GSP340GrpBWk2Ilab/Content/StarterContent/Textures/T_Ground_Moss_N.uasset"
[2016.11.06-22.23.34:437][  0]LogPackFactory: Copied "../../../Samples/StarterContent/Content/StarterContent/Textures/T_Lamp_M.uasset" to "../../../../../../Users/Roko/Documents/Unreal Projects/GSP340GrpBWk2Ilab/Content/StarterContent/Textures/T_Lamp_M.uasset"
[2016.11.06-22.23.34:986][  0]LogPackFactory: Copied "../../../Samples/StarterContent/Content/StarterContent/Textures/T_Lamp_N.uasset" to "../../../../../../Users/Roko/Documents/Unreal Projects/GSP340GrpBWk2Ilab/Content/StarterContent/Textures/T_Lamp_N.uasset"
[2016.11.06-22.23.37:275][  0]LogPackFactory: Copied "../../../Samples/StarterContent/Content/StarterContent/Textures/T_MacroVariation.uasset" to "../../../../../../Users/Roko/Documents/Unreal Projects/GSP340GrpBWk2Ilab/Content/StarterContent/Textures/T_MacroVariation.uasset"
[2016.11.06-22.23.39:495][  0]LogPackFactory: Copied "../../../Samples/StarterContent/Content/StarterContent/Textures/T_Metal_Aluminum_D.uasset" to "../../../../../../Users/Roko/Documents/Unreal Projects/GSP340GrpBWk2Ilab/Content/StarterContent/Textures/T_Metal_Aluminum_D.uasset"
[2016.11.06-22.23.39:921][  0]LogPackFactory: Copied "../../../Samples/StarterContent/Content/StarterContent/Textures/T_Metal_Copper_D.uasset" to "../../../../../../Users/Roko/Documents/Unreal Projects/GSP340GrpBWk2Ilab/Content/StarterContent/Textures/T_Metal_Copper_D.uasset"
[2016.11.06-22.23.40:617][  0]LogPackFactory: Copied "../../../Samples/StarterContent/Content/StarterContent/Textures/T_Metal_Gold_D.uasset" to "../../../../../../Users/Roko/Documents/Unreal Projects/GSP340GrpBWk2Ilab/Content/StarterContent/Textures/T_Metal_Gold_D.uasset"
[2016.11.06-22.23.40:666][  0]LogPackFactory: Copied "../../../Samples/StarterContent/Content/StarterContent/Textures/T_Metal_Gold_N.uasset" to "../../../../../../Users/Roko/Documents/Unreal Projects/GSP340GrpBWk2Ilab/Content/StarterContent/Textures/T_Metal_Gold_N.uasset"
[2016.11.06-22.23.40:779][  0]LogPackFactory: Copied "../../../Samples/StarterContent/Content/StarterContent/Textures/T_Metal_Rust_D.uasset" to "../../../../../../Users/Roko/Documents/Unreal Projects/GSP340GrpBWk2Ilab/Content/StarterContent/Textures/T_Metal_Rust_D.uasset"
[2016.11.06-22.23.40:862][  0]LogPackFactory: Copied "../../../Samples/StarterContent/Content/StarterContent/Textures/T_Metal_Rust_N.uasset" to "../../../../../../Users/Roko/Documents/Unreal Projects/GSP340GrpBWk2Ilab/Content/StarterContent/Textures/T_Metal_Rust_N.uasset"
[2016.11.06-22.23.40:931][  0]LogPackFactory: Copied "../../../Samples/StarterContent/Content/StarterContent/Textures/T_Metal_Steel_D.uasset" to "../../../../../../Users/Roko/Documents/Unreal Projects/GSP340GrpBWk2Ilab/Content/StarterContent/Textures/T_Metal_Steel_D.uasset"
[2016.11.06-22.23.41:610][  0]LogPackFactory: Copied "../../../Samples/StarterContent/Content/StarterContent/Textures/T_Metal_Steel_N.uasset" to "../../../../../../Users/Roko/Documents/Unreal Projects/GSP340GrpBWk2Ilab/Content/StarterContent/Textures/T_Metal_Steel_N.uasset"
[2016.11.06-22.23.41:834][  0]LogPackFactory: Copied "../../../Samples/StarterContent/Content/StarterContent/Textures/T_Perlin_Noise_M.uasset" to "../../../../../../Users/Roko/Documents/Unreal Projects/GSP340GrpBWk2Ilab/Content/StarterContent/Textures/T_Perlin_Noise_M.uasset"
[2016.11.06-22.23.41:864][  0]LogPackFactory: Copied "../../../Samples/StarterContent/Content/StarterContent/Textures/T_RockMesh_M.uasset" to "../../../../../../Users/Roko/Documents/Unreal Projects/GSP340GrpBWk2Ilab/Content/StarterContent/Textures/T_RockMesh_M.uasset"
[2016.11.06-22.23.42:493][  0]LogPackFactory: Copied "../../../Samples/StarterContent/Content/StarterContent/Textures/T_RockMesh_N.uasset" to "../../../../../../Users/Roko/Documents/Unreal Projects/GSP340GrpBWk2Ilab/Content/StarterContent/Textures/T_RockMesh_N.uasset"
[2016.11.06-22.23.42:598][  0]LogPackFactory: Copied "../../../Samples/StarterContent/Content/StarterContent/Textures/T_Rock_Basalt_D.uasset" to "../../../../../../Users/Roko/Documents/Unreal Projects/GSP340GrpBWk2Ilab/Content/StarterContent/Textures/T_Rock_Basalt_D.uasset"
[2016.11.06-22.23.42:687][  0]LogPackFactory: Copied "../../../Samples/StarterContent/Content/StarterContent/Textures/T_Rock_Basalt_N.uasset" to "../../../../../../Users/Roko/Documents/Unreal Projects/GSP340GrpBWk2Ilab/Content/StarterContent/Textures/T_Rock_Basalt_N.uasset"
[2016.11.06-22.23.42:749][  0]LogPackFactory: Copied "../../../Samples/StarterContent/Content/StarterContent/Textures/T_Rock_Marble_Polished_D.uasset" to "../../../../../../Users/Roko/Documents/Unreal Projects/GSP340GrpBWk2Ilab/Content/StarterContent/Textures/T_Rock_Marble_Polished_D.uasset"
[2016.11.06-22.23.42:840][  0]LogPackFactory: Copied "../../../Samples/StarterContent/Content/StarterContent/Textures/T_Rock_Sandstone_D.uasset" to "../../../../../../Users/Roko/Documents/Unreal Projects/GSP340GrpBWk2Ilab/Content/StarterContent/Textures/T_Rock_Sandstone_D.uasset"
[2016.11.06-22.23.47:284][  0]LogPackFactory: Copied "../../../Samples/StarterContent/Content/StarterContent/Textures/T_Rock_Sandstone_N.uasset" to "../../../../../../Users/Roko/Documents/Unreal Projects/GSP340GrpBWk2Ilab/Content/StarterContent/Textures/T_Rock_Sandstone_N.uasset"
[2016.11.06-22.23.56:758][  0]LogPackFactory: Copied "../../../Samples/StarterContent/Content/StarterContent/Textures/T_Rock_Slate_D.uasset" to "../../../../../../Users/Roko/Documents/Unreal Projects/GSP340GrpBWk2Ilab/Content/StarterContent/Textures/T_Rock_Slate_D.uasset"
[2016.11.06-22.24.01:495][  0]LogPackFactory: Copied "../../../Samples/StarterContent/Content/StarterContent/Textures/T_Rock_Slate_N.uasset" to "../../../../../../Users/Roko/Documents/Unreal Projects/GSP340GrpBWk2Ilab/Content/StarterContent/Textures/T_Rock_Slate_N.uasset"
[2016.11.06-22.24.08:585][  0]LogPackFactory: Copied "../../../Samples/StarterContent/Content/StarterContent/Textures/T_Rock_Smooth_Granite_D.uasset" to "../../../../../../Users/Roko/Documents/Unreal Projects/GSP340GrpBWk2Ilab/Content/StarterContent/Textures/T_Rock_Smooth_Granite_D.uasset"
[2016.11.06-22.24.09:902][  0]LogPackFactory: Copied "../../../Samples/StarterContent/Content/StarterContent/Textures/T_Shelf_M.uasset" to "../../../../../../Users/Roko/Documents/Unreal Projects/GSP340GrpBWk2Ilab/Content/StarterContent/Textures/T_Shelf_M.uasset"
[2016.11.06-22.24.13:109][  0]LogPackFactory: Copied "../../../Samples/StarterContent/Content/StarterContent/Textures/T_Shelf_N.uasset" to "../../../../../../Users/Roko/Documents/Unreal Projects/GSP340GrpBWk2Ilab/Content/StarterContent/Textures/T_Shelf_N.uasset"
[2016.11.06-22.24.13:288][  0]LogPackFactory: Copied "../../../Samples/StarterContent/Content/StarterContent/Textures/T_Single_Tile_N.uasset" to "../../../../../../Users/Roko/Documents/Unreal Projects/GSP340GrpBWk2Ilab/Content/StarterContent/Textures/T_Single_Tile_N.uasset"
[2016.11.06-22.24.17:226][  0]LogPackFactory: Copied "../../../Samples/StarterContent/Content/StarterContent/Textures/T_Smoke_SubUV.uasset" to "../../../../../../Users/Roko/Documents/Unreal Projects/GSP340GrpBWk2Ilab/Content/StarterContent/Textures/T_Smoke_SubUV.uasset"
[2016.11.06-22.24.17:526][  0]LogPackFactory: Copied "../../../Samples/StarterContent/Content/StarterContent/Textures/T_Smoke_Tiled_D.uasset" to "../../../../../../Users/Roko/Documents/Unreal Projects/GSP340GrpBWk2Ilab/Content/StarterContent/Textures/T_Smoke_Tiled_D.uasset"
[2016.11.06-22.24.18:109][  0]LogPackFactory: Copied "../../../Samples/StarterContent/Content/StarterContent/Textures/T_Spark_Core.uasset" to "../../../../../../Users/Roko/Documents/Unreal Projects/GSP340GrpBWk2Ilab/Content/StarterContent/Textures/T_Spark_Core.uasset"
[2016.11.06-22.24.18:649][  0]LogPackFactory: Copied "../../../Samples/StarterContent/Content/StarterContent/Textures/T_Statue_M.uasset" to "../../../../../../Users/Roko/Documents/Unreal Projects/GSP340GrpBWk2Ilab/Content/StarterContent/Textures/T_Statue_M.uasset"
[2016.11.06-22.24.19:041][  0]LogPackFactory: Copied "../../../Samples/StarterContent/Content/StarterContent/Textures/T_Statue_N.uasset" to "../../../../../../Users/Roko/Documents/Unreal Projects/GSP340GrpBWk2Ilab/Content/StarterContent/Textures/T_Statue_N.uasset"
[2016.11.06-22.24.19:559][  0]LogPackFactory: Copied "../../../Samples/StarterContent/Content/StarterContent/Textures/T_TableRound_M.uasset" to "../../../../../../Users/Roko/Documents/Unreal Projects/GSP340GrpBWk2Ilab/Content/StarterContent/Textures/T_TableRound_M.uasset"
[2016.11.06-22.24.21:452][  0]LogPackFactory: Copied "../../../Samples/StarterContent/Content/StarterContent/Textures/T_TableRound_N.uasset" to "../../../../../../Users/Roko/Documents/Unreal Projects/GSP340GrpBWk2Ilab/Content/StarterContent/Textures/T_TableRound_N.uasset"
[2016.11.06-22.24.22:190][  0]LogPackFactory: Copied "../../../Samples/StarterContent/Content/StarterContent/Textures/T_Tech_Dot_M.uasset" to "../../../../../../Users/Roko/Documents/Unreal Projects/GSP340GrpBWk2Ilab/Content/StarterContent/Textures/T_Tech_Dot_M.uasset"
[2016.11.06-22.24.22:981][  0]LogPackFactory: Copied "../../../Samples/StarterContent/Content/StarterContent/Textures/T_Tech_Dot_N.uasset" to "../../../../../../Users/Roko/Documents/Unreal Projects/GSP340GrpBWk2Ilab/Content/StarterContent/Textures/T_Tech_Dot_N.uasset"
[2016.11.06-22.24.23:465][  0]LogPackFactory: Copied "../../../Samples/StarterContent/Content/StarterContent/Textures/T_Tech_Hex_Tile_M.uasset" to "../../../../../../Users/Roko/Documents/Unreal Projects/GSP340GrpBWk2Ilab/Content/StarterContent/Textures/T_Tech_Hex_Tile_M.uasset"
[2016.11.06-22.24.23:755][  0]LogPackFactory: Copied "../../../Samples/StarterContent/Content/StarterContent/Textures/T_Tech_Hex_Tile_N.uasset" to "../../../../../../Users/Roko/Documents/Unreal Projects/GSP340GrpBWk2Ilab/Content/StarterContent/Textures/T_Tech_Hex_Tile_N.uasset"
[2016.11.06-22.24.24:439][  0]LogPackFactory: Copied "../../../Samples/StarterContent/Content/StarterContent/Textures/T_Tech_