Log file open, 11/11/16 15:18:38
LogInit:Display: Running engine for game: GSP340GrpBWk2Ilab
LogPlatformFile: Not using cached read wrapper
LogInit:Display: RandInit(1647804748) SRandInit(1647804750).
LogTaskGraph: Started task graph with 4 named threads and 7 total threads.
LogStats: Stats thread started at 0.090499
LogInit: Version: 4.11.2-2946394+++UE4+Release-4.11
LogInit: API Version: 2927265
LogInit: Compiled (64-bit): Apr 18 2016 02:18:46
LogInit: Compiled with Visual C++: 19.00.23026.00
LogInit: Build Configuration: Development
LogInit: Branch Name: ++UE4+Release-4.11
LogInit: Command line: -EpicPortal 
LogInit: Base directory: C:/Program Files (x86)/Epic Games/4.11/Engine/Binaries/Win64/
LogInit: Installed Engine Build: 1
LogInit: Using libcurl 7.41.0
LogInit:  - built for x86_64-pc-win32
LogInit:  - supports SSL with WinSSL
LogInit:  - other features:
LogInit:      CURL_VERSION_SSL
LogInit:      CURL_VERSION_IPV6
LogInit:      CURL_VERSION_ASYNCHDNS
LogInit:      CURL_VERSION_LARGEFILE
LogInit:      CURL_VERSION_IDN
LogInit:  CurlRequestOptions (configurable via config and command line):
LogInit:  - bVerifyPeer = true  - Libcurl will verify peer certificate
LogInit:  - bUseHttpProxy = false  - Libcurl will NOT use HTTP proxy
LogInit:  - bDontReuseConnections = false  - Libcurl will reuse connections
LogInit:  - CertBundlePath = nullptr  - Libcurl will use whatever was configured at build time.
LogInit: Presizing for max 16777216 objects, including 0 objects not considered by GC, pre-allocating 0 bytes for permanent pool.
LogInit: Object subsystem initialized
[2016.11.11-20.18.38:356][  0]LogInit: Selected Device Profile: [Windows]
[2016.11.11-20.18.38:356][  0]LogInit: Applying CVar settings loaded from the selected device profile: [Windows]
[2016.11.11-20.18.38:364][  0]LogInit: Computer: DALI-MSI
[2016.11.11-20.18.38:364][  0]LogInit: User: edsad
[2016.11.11-20.18.38:364][  0]LogInit: CPU Page size=65536, Cores=4
[2016.11.11-20.18.38:364][  0]LogInit: High frequency timer resolution =2.531248 MHz
[2016.11.11-20.18.38:364][  0]LogMemory: Memory total: Physical=15.9GB (16GB approx)
[2016.11.11-20.18.38:364][  0]LogMemory: Platform Memory Stats for Windows
[2016.11.11-20.18.38:364][  0]LogMemory: Process Physical Memory: 313.73 MB used, 313.73 MB peak
[2016.11.11-20.18.38:364][  0]LogMemory: Process Virtual Memory: 314.98 MB used, 314.98 MB peak
[2016.11.11-20.18.38:364][  0]LogMemory: Physical Memory: 7756.04 MB used, 16284.60 MB total
[2016.11.11-20.18.38:364][  0]LogMemory: Virtual Memory: 652.58 MB used, 134217728.00 MB total
[2016.11.11-20.18.38:756][  0]LogTextLocalizationManager: No specific translations for ('en-US') exist, so ('en') translations will be used.
[2016.11.11-20.18.39:208][  0]LogD3D11RHI: D3D11 adapters:
[2016.11.11-20.18.39:854][  0]LogD3D11RHI:    0. 'NVIDIA GeForce GTX 960M' (Feature Level 11_0)
[2016.11.11-20.18.39:854][  0]LogD3D11RHI:       2018MB of dedicated video memory, 0MB of dedicated system memory, and 8142MB of shared system memory, 2 output[s]
[2016.11.11-20.18.39:864][  0]LogD3D11RHI:    1. 'Intel(R) HD Graphics 530' (Feature Level 11_0)
[2016.11.11-20.18.39:864][  0]LogD3D11RHI:       128MB of dedicated video memory, 0MB of dedicated system memory, and 8142MB of shared system memory, 0 output[s]
[2016.11.11-20.18.39:866][  0]LogD3D11RHI:    2. 'Microsoft Basic Render Driver' (Feature Level 11_0)
[2016.11.11-20.18.39:866][  0]LogD3D11RHI:       0MB of dedicated video memory, 0MB of dedicated system memory, and 8142MB of shared system memory, 0 output[s]
[2016.11.11-20.18.39:866][  0]LogD3D11RHI: Chosen D3D11 Adapter: 0
[2016.11.11-20.18.39:873][  0]LogD3D11RHI: Creating new Direct3DDevice
[2016.11.11-20.18.39:873][  0]LogD3D11RHI:     Adapter Name: NVIDIA GeForce GTX 960M
[2016.11.11-20.18.39:873][  0]LogD3D11RHI:   Driver Version: Unknown (internal Unknown)
[2016.11.11-20.18.39:873][  0]LogD3D11RHI:      Driver Date: Unknown
[2016.11.11-20.18.39:873][  0]LogRHI: Texture pool is 1361 MB (70% of 1945 MB)
[2016.11.11-20.18.40:407][  0]LogD3D11RHI: Async texture creation enabled
[2016.11.11-20.18.40:457][  0]LogShaderCompilers: Guid format shader working directory is 8 characters bigger than the processId version (D:/GSP340_CP_Zombs/GSP340GroupBWk2Ilab/Intermediate/Shaders/WorkingDirectory/9488/).
[2016.11.11-20.18.40:457][  0]LogShaderCompilers: Cleaned the shader compiler working directory 'C:/Users/edsad/AppData/Local/Temp/UnrealShaderWorkingDir/609F087A4712E06598AEC89AB46BF925/'.
[2016.11.11-20.18.40:457][  0]LogShaderCompilers:Display: Using Local Shader Compiler.
[2016.11.11-20.18.41:553][  0]LogTemp:Display: Loaded TP AllDesktopTargetPlatform
[2016.11.11-20.18.41:560][  0]LogTemp:Display: Loaded TP WindowsClientTargetPlatform
[2016.11.11-20.18.41:568][  0]LogTemp:Display: Loaded TP WindowsNoEditorTargetPlatform
[2016.11.11-20.18.41:578][  0]LogTemp:Display: Loaded TP WindowsServerTargetPlatform
[2016.11.11-20.18.41:585][  0]LogTemp:Display: Loaded TP WindowsTargetPlatform
[2016.11.11-20.18.41:590][  0]LogTemp:Display: Loaded TP AndroidTargetPlatform
[2016.11.11-20.18.41:595][  0]LogTemp:Display: Loaded TP Android_ASTCTargetPlatform
[2016.11.11-20.18.41:600][  0]LogTemp:Display: Loaded TP Android_ATCTargetPlatform
[2016.11.11-20.18.41:604][  0]LogTemp:Display: Loaded TP Android_DXTTargetPlatform
[2016.11.11-20.18.41:609][  0]LogTemp:Display: Loaded TP Android_ETC1TargetPlatform
[2016.11.11-20.18.41:613][  0]LogTemp:Display: Loaded TP Android_ETC2TargetPlatform
[2016.11.11-20.18.41:622][  0]LogTemp:Display: Loaded TP Android_MultiTargetPlatform
[2016.11.11-20.18.41:622][  0]LogTemp:Display: Loaded TP Android_PVRTCTargetPlatform
[2016.11.11-20.18.41:623][  0]LogTemp:Display: Loaded TP HTML5TargetPlatform
[2016.11.11-20.18.41:643][  0]LogTemp:Display: Loaded TP IOSTargetPlatform
[2016.11.11-20.18.41:646][  0]LogTemp:Display: Loaded TP TVOSTargetPlatform
[2016.11.11-20.18.41:650][  0]LogTemp:Display: Loaded TP LinuxNoEditorTargetPlatform
[2016.11.11-20.18.41:653][  0]LogTemp:Display: Loaded TP LinuxServerTargetPlatform
[2016.11.11-20.18.41:657][  0]LogTemp:Display: Loaded TP LinuxTargetPlatform
[2016.11.11-20.18.41:657][  0]LogTargetPlatformManager:Display: Building Assets For Windows
[2016.11.11-20.18.41:780][  0]LogDerivedDataCache:Display: Max Cache Size: 512 MB
[2016.11.11-20.18.41:832][  0]LogDerivedDataCache: Loaded boot cache 0.05s 46MB C:/Users/edsad/AppData/Local/UnrealEngine/4.11/DerivedDataCache/Boot.ddc.
[2016.11.11-20.18.41:833][  0]LogDerivedDataCache:Display: Loaded Boot cache: C:/Users/edsad/AppData/Local/UnrealEngine/4.11/DerivedDataCache/Boot.ddc
[2016.11.11-20.18.41:833][  0]LogDerivedDataCache: FDerivedDataBackendGraph:  Pak pak cache file D:/GSP340_CP_Zombs/GSP340GroupBWk2Ilab/DerivedDataCache/DDC.ddp not found, will not use a pak cache.
[2016.11.11-20.18.41:833][  0]LogDerivedDataCache: Unable to find inner node Pak for hierarchical cache Hierarchy.
[2016.11.11-20.18.41:833][  0]LogDerivedDataCache: FDerivedDataBackendGraph:  CompressedPak pak cache file D:/GSP340_CP_Zombs/GSP340GroupBWk2Ilab/DerivedDataCache/Compressed.ddp not found, will not use a pak cache.
[2016.11.11-20.18.41:833][  0]LogDerivedDataCache: Unable to find inner node CompressedPak for hierarchical cache Hierarchy.
[2016.11.11-20.18.41:848][  0]LogDerivedDataCache:Display: Pak cache opened for reading ../../../Engine/DerivedDataCache/Compressed.ddp.
[2016.11.11-20.18.41:860][  0]LogDerivedDataCache: Using Local data cache path C:/Users/edsad/AppData/Local/UnrealEngine/Common/DerivedDataCache: Writable
[2016.11.11-20.18.42:052][  0]LogInit: Selected Device Profile: [Windows]
[2016.11.11-20.18.42:053][  0]LogContentStreaming: Texture pool size is 0.00 MB
[2016.11.11-20.18.42:096][  0]LogMaterial: Uniform references updated for custom material expression Custom.
[2016.11.11-20.18.42:243][  0]LogMeshUtilities: No automatic mesh reduction module available
[2016.11.11-20.18.42:243][  0]LogMeshUtilities: No automatic mesh merging module available
[2016.11.11-20.18.42:243][  0]LogMeshUtilities: No distributed automatic mesh merging module available
[2016.11.11-20.18.42:527][  0]LogUObjectArray: 27679 objects as part of root set at end of initial load.
[2016.11.11-20.18.42:527][  0]LogUObjectAllocator: 5591600 out of 0 bytes used by permanent object pool.
[2016.11.11-20.18.42:527][  0]LogUObjectArray: CloseDisregardForGC: 0/0 objects in disregard for GC pool
[2016.11.11-20.18.42:540][  0]LogInit: WinSock: version 1.1 (2.2), MaxSocks=32767, MaxUdp=65467
[2016.11.11-20.18.42:684][  0]LogSlate: SlateFontCache - WITH_FREETYPE: 1, WITH_HARFBUZZ: 1
[2016.11.11-20.18.42:684][  0]LogSlate: SlateFontCache - WITH_FREETYPE: 1, WITH_HARFBUZZ: 1
[2016.11.11-20.18.42:866][  0]LogStreaming:Warning: Failed to read file '../../../Engine/Content/Editor/Slate/Common/Selection_16x.png' error.
[2016.11.11-20.18.42:866][  0]LogSlate: Could not find file for Slate resource: ../../../Engine/Content/Editor/Slate/Common/Selection_16x.png
[2016.11.11-20.18.42:866][  0]LogStreaming:Warning: Failed to read file '../../../Engine/Content/Editor/Slate/Common/Selection_16x.png' error.
[2016.11.11-20.18.42:866][  0]LogSlate: Could not find file for Slate resource: ../../../Engine/Content/Editor/Slate/Common/Selection_16x.png
[2016.11.11-20.18.42:866][  0]LogStreaming:Warning: Failed to read file '../../../Engine/Content/Editor/Slate/Common/Selection_16x.png' error.
[2016.11.11-20.18.42:866][  0]LogSlate: Could not find file for Slate resource: ../../../Engine/Content/Editor/Slate/Common/Selection_16x.png
[2016.11.11-20.18.43:753][  0]LogUdpMessaging: Initializing bridge on interface 0.0.0.0:0 to multicast group 230.0.0.1:6666.
[2016.11.11-20.18.43:898][  0]LogAssetRegistry: FAssetRegistry took 0.0222 seconds to start up
[2016.11.11-20.18.44:113][  0]SourceControl: Info Source control is disabled
[2016.11.11-20.18.44:202][  0]SourceControl: Info Source control is disabled
[2016.11.11-20.18.44:220][  0]SourceControl: Info Source control is disabled
[2016.11.11-20.18.44:235][  0]SourceControl: Info Source control is disabled
[2016.11.11-20.18.44:492][  0]LogHMD: Failed to initialize OpenVR with code 110
[2016.11.11-20.18.44:611][  0]LogEngine: Initializing Engine...
[2016.11.11-20.18.44:780][  0]LogAIModule: Creating AISystem for world NewWorld
[2016.11.11-20.18.44:787][  0]LogInit: XAudio2 using 'Speakers (Realtek High Definition Audio)' : 8 channels at 48 kHz using 32 bits per sample (channel mask 0x63f)
[2016.11.11-20.18.44:836][  0]LogInit: FAudioDevice initialized.
[2016.11.11-20.18.44:860][  0]LogDerivedDataCache: Saved boot cache 0.02s 46MB C:/Users/edsad/AppData/Local/UnrealEngine/4.11/DerivedDataCache/Boot.ddc.
[2016.11.11-20.18.44:863][  0]LogInit: Texture streaming: Enabled
[2016.11.11-20.18.44:899][  0]LogInit: Transaction tracking system initialized
[2016.11.11-20.18.44:940][  0]BlueprintLog: New page: Editor Load
[2016.11.11-20.18.45:061][  0]LocalizationService: Info Localization service is disabled
[2016.11.11-20.18.45:159][  0]LogConsoleResponse:Display: 
[2016.11.11-20.18.45:286][  0]LogCook:Display: Max memory allowance for cook 8192mb
[2016.11.11-20.18.45:286][  0]LogCook:Display: Mobile HDR setting 1
[2016.11.11-20.18.45:286][  0]LogCook:Display: Done creating registry. It took  0.00s.
[2016.11.11-20.18.45:366][  0]LogFileCache: Scanning file cache for directory 'D:/GSP340_CP_Zombs/GSP340GroupBWk2Ilab/Content/' took 0.02s
[2016.11.11-20.18.45:366][  0]SourceControl: Info Source control is disabled
[2016.11.11-20.18.45:367][  0]Cmd: MAP LOAD FILE="D:/GSP340_CP_Zombs/GSP340GroupBWk2Ilab/Content/FirstPersonBP/Maps/FirstPersonExampleMap.umap" TEMPLATE=0 SHOWPROGRESS=1 FEATURELEVEL=3
[2016.11.11-20.18.45:367][  0]LightingResults: New page: Lighting Build
[2016.11.11-20.18.45:372][  0]MapCheck: New page: Map Check
[2016.11.11-20.18.45:372][  0]LightingResults: New page: Lighting Build
[2016.11.11-20.18.45:837][  0]LogAIModule: Creating AISystem for world FirstPersonExampleMap
[2016.11.11-20.18.45:849][  0]LogEditorServer: Finished looking for orphan Actors (0.000 secs)
[2016.11.11-20.18.45:849][  0]Cmd: MAP CHECKDEP NOCLEARLOG
[2016.11.11-20.18.45:943][  0]MapCheck: Info Map check complete: 0 Error(s), 0 Warning(s), took 93.51ms to complete.
[2016.11.11-20.18.45:943][  0]LogFileHelpers: Loading map 'FirstPersonExampleMap' took 0.576
[2016.11.11-20.18.46:131][  0]LogCollectionManager: Loaded 0 collections in 0.003230 seconds
[2016.11.11-20.18.46:194][  0]LogFileCache: Scanning file cache for directory 'D:/GSP340_CP_Zombs/GSP340GroupBWk2Ilab/Saved/Collections/' took 0.01s
[2016.11.11-20.18.46:194][  0]LogFileCache: Scanning file cache for directory 'D:/GSP340_CP_Zombs/GSP340GroupBWk2Ilab/Content/Developers/edsad/Collections/' took 0.01s
[2016.11.11-20.18.46:194][  0]LogFileCache: Scanning file cache for directory 'D:/GSP340_CP_Zombs/GSP340GroupBWk2Ilab/Content/Collections/' took 0.01s
[2016.11.11-20.18.46:194][  0]LogCollectionManager: Rebuilt the GUID cache for 0 collections in 0.000006 seconds
[2016.11.11-20.18.46:209][  0]LogContentBrowser: Native class hierarchy populated in 0.0150 seconds. Added 1979 classes and 343 folders.
[2016.11.11-20.18.46:220][  0]LogStats: UGameplayTagsManager::ConstructGameplayTagTree: Construct from data asset -  0.000 s
[2016.11.11-20.18.46:220][  0]LogStats: UGameplayTagsManager::ConstructGameplayTagTree: GameplayTagTreeChangedEvent.Broadcast -  0.000 s
[2016.11.11-20.18.46:221][  0]LogContentBrowser: Native class hierarchy updated for 'GameplayTags' in 0.0009 seconds. Added 12 classes and 0 folders.
[2016.11.11-20.18.46:233][  0]LogContentBrowser: Native class hierarchy updated for 'WidgetCarousel' in 0.0004 seconds. Added 0 classes and 0 folders.
[2016.11.11-20.18.46:245][  0]LogContentBrowser: Native class hierarchy updated for 'SuperSearch' in 0.0005 seconds. Added 1 classes and 2 folders.
[2016.11.11-20.18.46:306][  0]LogContentBrowser: Native class hierarchy updated for 'AddContentDialog' in 0.0006 seconds. Added 0 classes and 0 folders.
[2016.11.11-20.18.46:313][  0]LogContentBrowser: Native class hierarchy updated for 'SceneOutliner' in 0.0004 seconds. Added 1 classes and 2 folders.
[2016.11.11-20.18.46:339][  0]LogCrashTracker: Crashtracker disabled due to settings.
[2016.11.11-20.18.46:363][  0]LogWindowsTextInputMethodSystem:Display: IME system now deactivated.
[2016.11.11-20.18.46:416][  0]LogContentBrowser: Native class hierarchy updated for 'HierarchicalLODOutliner' in 0.0004 seconds. Added 1 classes and 2 folders.
[2016.11.11-20.18.46:416][  0]LogLoad: Full Startup: 9.13 seconds (BP compile: 0.10 seconds)
[2016.11.11-20.18.46:416][  0]LogExternalProfiler: Found external profiler: VSPerf
[2016.11.11-20.18.46:416][  0]LogExternalProfiler: Using external profiler: VSPerf
[2016.11.11-20.18.46:434][  0]LogOcInput: OculusInput pre-init called
[2016.11.11-20.18.46:479][  0]LogContentStreaming: Texture pool size now 1000 MB
[2016.11.11-20.18.46:612][  0]LogRenderer: Reallocating scene render targets to support 964x440 (Frame:2).
[2016.11.11-20.18.46:692][  1]LogAssetRegistry: Asset discovery search completed in 2.8164 seconds
[2016.11.11-20.18.46:692][  1]LogCollectionManager: Rebuilt the object cache for 0 collections in 0.000000 seconds (found 0 objects)
[2016.11.11-20.18.46:692][  1]LogCollectionManager: Fixed up redirectors for 0 collections in 0.000023 seconds (updated 0 objects)
[2016.11.11-20.18.50:636][197]LogWindowsTextInputMethodSystem:Display: IME system now deactivated.
[2016.11.11-20.18.50:837][198]Cmd: QUIT_EDITOR
[2016.11.11-20.18.50:922][198]LogExit: Preparing to exit.
[2016.11.11-20.18.51:803][198]LogExit: Editor shut down
[2016.11.11-20.18.51:803][198]LogExit: Transaction tracking system shut down
[2016.11.11-20.18.51:894][198]LogObj: Freed 0b from 0 cluster array pools.
[2016.11.11-20.18.51:894][198]LogExit: Object subsystem successfully closed.
[2016.11.11-20.18.51:904][198]LogD3D11RHI: Shutdown
[2016.11.11-20.18.51:904][198]LogD3D11RHI: CleanupD3DDevice
[2016.11.11-20.18.51:976][198]LogD3D11RHI: ~FD3D11DynamicRHI
[2016.11.11-20.18.52:359][198]LogDerivedDataCache: Shutdown
[2016.11.11-20.18.52:359][198]LogModuleManager: Shutting down and abandoning module HierarchicalLODOutliner (204)
[2016.11.11-20.18.52:360][198]LogModuleManager: Shutting down and abandoning module CrashTracker (203)
[2016.11.11-20.18.52:360][198]LogModuleManager: Shutting down and abandoning module SceneOutliner (202)
[2016.11.11-20.18.52:360][198]LogModuleManager: Shutting down and abandoning module SuperSearch (201)
[2016.11.11-20.18.52:360][198]LogModuleManager: Shutting down and abandoning module WidgetCarousel (200)
[2016.11.11-20.18.52:360][198]LogModuleManager: Shutting down and abandoning module AddContentDialog (199)
[2016.11.11-20.18.52:361][198]LogModuleManager: Shutting down and abandoning module GameplayTags (198)
[2016.11.11-20.18.52:361][198]LogModuleManager: Shutting down and abandoning module EditorWidgets (197)
[2016.11.11-20.18.52:361][198]LogModuleManager: Shutting down and abandoning module CollectionManager (196)
[2016.11.11-20.18.52:361][198]LogModuleManager: Shutting down and abandoning module StatsViewer (195)
[2016.11.11-20.18.52:361][198]LogModuleManager: Shutting down and abandoning module FoliageEdit (194)
[2016.11.11-20.18.52:361][198]LogModuleManager: Shutting down and abandoning module LandscapeEditor (193)
[2016.11.11-20.18.52:361][198]LogModuleManager: Shutting down and abandoning module ActorPickerMode (192)
[2016.11.11-20.18.52:361][198]LogModuleManager: Shutting down and abandoning module GeometryMode (191)
[2016.11.11-20.18.52:361][198]LogModuleManager: Shutting down and abandoning module TextureAlignMode (190)
[2016.11.11-20.18.52:361][198]LogModuleManager: Shutting down and abandoning module BspMode (189)
[2016.11.11-20.18.52:361][198]LogModuleManager: Shutting down and abandoning module PlacementMode (188)
[2016.11.11-20.18.52:361][198]LogModuleManager: Shutting down and abandoning module AutomationWorker (187)
[2016.11.11-20.18.52:361][198]LogModuleManager: Shutting down and abandoning module CharacterAI (186)
[2016.11.11-20.18.52:361][198]LogModuleManager: Shutting down and abandoning module SmartSnapping (185)
[2016.11.11-20.18.52:361][198]LogModuleManager: Shutting down and abandoning module ViewportSnapping (184)
[2016.11.11-20.18.52:361][198]LogModuleManager: Shutting down and abandoning module LogVisualizer (183)
[2016.11.11-20.18.52:362][198]LogModuleManager: Shutting down and abandoning module GameProjectGeneration (182)
[2016.11.11-20.18.52:362][198]LogModuleManager: Shutting down and abandoning module IntroTutorials (181)
[2016.11.11-20.18.52:362][198]LogModuleManager: Shutting down and abandoning module EditorLiveStreaming (180)
[2016.11.11-20.18.52:362][198]LogModuleManager: Shutting down and abandoning module IOSPlatformEditor (179)
[2016.11.11-20.18.52:362][198]LogModuleManager: Shutting down and abandoning module HTML5PlatformEditor (178)
[2016.11.11-20.18.52:362][198]LogModuleManager: Shutting down and abandoning module AndroidDeviceDetection (177)
[2016.11.11-20.18.53:117][198]LogModuleManager: Shutting down and abandoning module AndroidPlatformEditor (176)
[2016.11.11-20.18.53:117][198]LogModuleManager: Shutting down and abandoning module IOSRuntimeSettings (175)
[2016.11.11-20.18.53:117][198]LogModuleManager: Shutting down and abandoning module AndroidRuntimeSettings (174)
[2016.11.11-20.18.53:117][198]LogModuleManager: Shutting down and abandoning module MergeActors (173)
[2016.11.11-20.18.53:117][198]LogModuleManager: Shutting down and abandoning module SizeMap (172)
[2016.11.11-20.18.53:117][198]LogModuleManager: Shutting down and abandoning module TreeMap (171)
[2016.11.11-20.18.53:117][198]LogModuleManager: Shutting down and abandoning module ReferenceViewer (170)
[2016.11.11-20.18.53:117][198]LogModuleManager: Shutting down and abandoning module LocalizationService (169)
[2016.11.11-20.18.53:117][198]LogModuleManager: Shutting down and abandoning module LocalizationDashboard (168)
[2016.11.11-20.18.53:117][198]LogModuleManager: Shutting down and abandoning module HardwareTargeting (167)
[2016.11.11-20.18.53:117][198]LogModuleManager: Shutting down and abandoning module DeviceProfileEditor (166)
[2016.11.11-20.18.53:117][198]LogModuleManager: Shutting down and abandoning module UndoHistory (165)
[2016.11.11-20.18.53:117][198]LogModuleManager: Shutting down and abandoning module UserFeedback (164)
[2016.11.11-20.18.53:117][198]LogModuleManager: Shutting down and abandoning module XmlParser (163)
[2016.11.11-20.18.53:117][198]LogModuleManager: Shutting down and abandoning module Blutility (162)
[2016.11.11-20.18.53:117][198]LogModuleManager: Shutting down and abandoning module ProjectTargetPlatformEditor (161)
[2016.11.11-20.18.53:117][198]LogModuleManager: Shutting down and abandoning module ProjectSettingsViewer (160)
[2016.11.11-20.18.53:117][198]LogModuleManager: Shutting down and abandoning module InputBindingEditor (159)
[2016.11.11-20.18.53:118][198]LogModuleManager: Shutting down and abandoning module EditorSettingsViewer (158)
[2016.11.11-20.18.53:118][198]LogModuleManager: Shutting down and abandoning module SettingsEditor (157)
[2016.11.11-20.18.53:118][198]LogModuleManager: Shutting down and abandoning module ProjectLauncher (156)
[2016.11.11-20.18.53:118][198]LogModuleManager: Shutting down and abandoning module SessionFrontend (155)
[2016.11.11-20.18.53:118][198]LogModuleManager: Shutting down and abandoning module ProfilerClient (154)
[2016.11.11-20.18.53:118][198]LogModuleManager: Shutting down and abandoning module TargetDeviceServices (153)
[2016.11.11-20.18.53:118][198]LogModuleManager: Shutting down and abandoning module DeviceManager (152)
[2016.11.11-20.18.53:150][198]LogModuleManager: Shutting down and abandoning module AutomationController (151)
[2016.11.11-20.18.53:150][198]LogModuleManager: Shutting down and abandoning module AutomationWindow (150)
[2016.11.11-20.18.53:150][198]LogModuleManager: Shutting down and abandoning module Layers (149)
[2016.11.11-20.18.53:150][198]LogModuleManager: Shutting down and abandoning module ComponentVisualizers (148)
[2016.11.11-20.18.53:150][198]LogModuleManager: Shutting down and abandoning module DetailCustomizations (147)
[2016.11.11-20.18.53:150][198]LogModuleManager: Shutting down and abandoning module PackagesDialog (146)
[2016.11.11-20.18.53:150][198]LogModuleManager: Shutting down and abandoning module Persona (145)
[2016.11.11-20.18.53:150][198]LogModuleManager: Shutting down and abandoning module Kismet (144)
[2016.11.11-20.18.53:150][198]LogModuleManager: Shutting down and abandoning module GraphEditor (143)
[2016.11.11-20.18.53:150][198]LogModuleManager: Shutting down and abandoning module ClassViewer (142)
[2016.11.11-20.18.53:150][198]LogModuleManager: Shutting down and abandoning module Toolbox (141)
[2016.11.11-20.18.53:150][198]LogModuleManager: Shutting down and abandoning module ModuleUI (140)
[2016.11.11-20.18.53:150][198]LogModuleManager: Shutting down and abandoning module MovieSceneTools (139)
[2016.11.11-20.18.53:150][198]LogModuleManager: Shutting down and abandoning module OutputLog (138)
[2016.11.11-20.18.53:150][198]LogModuleManager: Shutting down and abandoning module GammaUI (137)
[2016.11.11-20.18.53:150][198]LogModuleManager: Shutting down and abandoning module Documentation (136)
[2016.11.11-20.18.53:150][198]LogModuleManager: Shutting down and abandoning module StreamingPauseRendering (135)
[2016.11.11-20.18.53:150][198]LogModuleManager: Shutting down and abandoning module AnalyticsET (134)
[2016.11.11-20.18.53:150][198]LogModuleManager: Shutting down and abandoning module Analytics (133)
[2016.11.11-20.18.53:150][198]LogModuleManager: Shutting down and abandoning module PortalServices (132)
[2016.11.11-20.18.53:150][198]LogModuleManager: Shutting down and abandoning module PortalRpc (131)
[2016.11.11-20.18.53:150][198]LogModuleManager: Shutting down and abandoning module MessagingRpc (130)
[2016.11.11-20.18.53:150][198]LogModuleManager: Shutting down and abandoning module AITestSuite (129)
[2016.11.11-20.18.53:150][198]LogModuleManager: Shutting down and abandoning module GameplayDebugger (128)
[2016.11.11-20.18.53:150][198]LogModuleManager: Shutting down and abandoning module AIModule (127)
[2016.11.11-20.18.53:151][198]LogModuleManager: Shutting down and abandoning module ProfilerService (126)
[2016.11.11-20.18.53:303][198]LogModuleManager: Shutting down and abandoning module TaskGraph (125)
[2016.11.11-20.18.53:303][198]LogModuleManager: Shutting down and abandoning module SlateRemote (124)
[2016.11.11-20.18.53:303][198]LogModuleManager: Shutting down and abandoning module SteamVRController (123)
[2016.11.11-20.18.53:303][198]LogModuleManager: Shutting down and abandoning module SteamVR (122)
[2016.11.11-20.18.53:304][198]LogModuleManager: Shutting down and abandoning module ProceduralMeshComponent (121)
[2016.11.11-20.18.53:304][198]LogModuleManager: Shutting down and abandoning module OculusLibrary (120)
[2016.11.11-20.18.53:304][198]LogModuleManager: Shutting down and abandoning module OculusInput (119)
[2016.11.11-20.18.53:304][198]LogModuleManager: Shutting down and abandoning module CustomMeshComponent (118)
[2016.11.11-20.18.53:304][198]LogModuleManager: Shutting down and abandoning module CableComponent (117)
[2016.11.11-20.18.53:304][198]LogModuleManager: Shutting down and abandoning module ArchVisCharacter (116)
[2016.11.11-20.18.53:304][198]LogModuleManager: Shutting down and abandoning module MediaPlayerEditor (115)
[2016.11.11-20.18.53:304][198]LogModuleManager: Shutting down and abandoning module HTML5Networking (114)
[2016.11.11-20.18.53:304][198]LogModuleManager: Shutting down and abandoning module SpeedTreeImporter (113)
[2016.11.11-20.18.53:304][198]LogModuleManager: Shutting down and abandoning module PluginBrowser (112)
[2016.11.11-20.18.53:304][198]LogModuleManager: Shutting down and abandoning module EpicSurvey (111)
[2016.11.11-20.18.53:304][198]LogModuleManager: Shutting down and abandoning module DesktopPlatform (110)
[2016.11.11-20.18.53:304][198]LogModuleManager: Shutting down and abandoning module VisualStudioSourceCodeAccess (109)
[2016.11.11-20.18.53:304][198]LogModuleManager: Shutting down and abandoning module UObjectPlugin (108)
[2016.11.11-20.18.53:304][198]LogModuleManager: Shutting down and abandoning module SubversionSourceControl (107)
[2016.11.11-20.18.53:304][198]LogModuleManager: Shutting down and abandoning module PerforceSourceControl (106)
[2016.11.11-20.18.53:304][198]LogModuleManager: Shutting down and abandoning module SourceControl (105)
[2016.11.11-20.18.53:304][198]LogModuleManager: Shutting down and abandoning module GitSourceControl (104)
[2016.11.11-20.18.53:304][198]LogModuleManager: Shutting down and abandoning module LightPropagationVolumeEditor (103)
[2016.11.11-20.18.53:304][198]LogModuleManager: Shutting down and abandoning module PaperTiledImporter (102)
[2016.11.11-20.18.53:304][198]LogModuleManager: Shutting down and abandoning module PaperSpriteSheetImporter (101)
[2016.11.11-20.18.53:304][198]LogModuleManager: Shutting down and abandoning module MeshPaint (100)
[2016.11.11-20.18.53:304][198]LogModuleManager: Shutting down and abandoning module HotReload (99)
[2016.11.11-20.18.53:305][198]LogModuleManager: Shutting down and abandoning module MainFrame (98)
[2016.11.11-20.18.53:305][198]LogModuleManager: Shutting down and abandoning module LevelEditor (97)
[2016.11.11-20.18.53:306][198]LogModuleManager: Shutting down and abandoning module DirectoryWatcher (96)
[2016.11.11-20.18.53:306][198]LogModuleManager: Shutting down and abandoning module AssetRegistry (95)
[2016.11.11-20.18.53:461][198]LogModuleManager: Shutting down and abandoning module ContentBrowser (94)
[2016.11.11-20.18.53:462][198]LogModuleManager: Shutting down and abandoning module Paper2DEditor (93)
[2016.11.11-20.18.53:462][198]LogModuleManager: Shutting down and abandoning module UdpMessaging (92)
[2016.11.11-20.18.53:562][198]LogModuleManager: Shutting down and abandoning module LightPropagationVolumeRuntime (91)
[2016.11.11-20.18.53:562][198]LogModuleManager: Shutting down and abandoning module Paper2D (90)
[2016.11.11-20.18.53:562][198]LogModuleManager: Shutting down and abandoning module WindowsMoviePlayer (89)
[2016.11.11-20.18.53:562][198]LogModuleManager: Shutting down and abandoning module Media (88)
[2016.11.11-20.18.53:562][198]LogModuleManager: Shutting down and abandoning module WmfMedia (87)
[2016.11.11-20.18.53:563][198]LogModuleManager: Shutting down and abandoning module MediaAssets (86)
[2016.11.11-20.18.53:563][198]LogModuleManager: Shutting down and abandoning module GameLiveStreaming (85)
[2016.11.11-20.18.53:563][198]LogModuleManager: Shutting down and abandoning module GameplayTagsEditor (84)
[2016.11.11-20.18.53:563][198]LogModuleManager: Shutting down and abandoning module OnlineBlueprintSupport (83)
[2016.11.11-20.18.53:563][198]LogModuleManager: Shutting down and abandoning module GameplayTasksEditor (82)
[2016.11.11-20.18.53:563][198]LogModuleManager: Shutting down and abandoning module PropertyEditor (81)
[2016.11.11-20.18.53:563][198]LogModuleManager: Shutting down and abandoning module BehaviorTreeEditor (80)
[2016.11.11-20.18.53:563][198]LogModuleManager: Shutting down and abandoning module FunctionalTesting (79)
[2016.11.11-20.18.53:563][198]LogModuleManager: Shutting down and abandoning module CollisionAnalyzer (78)
[2016.11.11-20.18.53:563][198]LogModuleManager: Shutting down and abandoning module WorkspaceMenuStructure (77)
[2016.11.11-20.18.53:564][198]LogModuleManager: Shutting down and abandoning module MessageLog (76)
[2016.11.11-20.18.53:564][198]LogModuleManager: Shutting down and abandoning module Sequencer (75)
[2016.11.11-20.18.53:564][198]LogModuleManager: Shutting down and abandoning module AssetTools (74)
[2016.11.11-20.18.53:564][198]LogModuleManager: Shutting down and abandoning module UMGEditor (73)
[2016.11.11-20.18.53:564][198]LogModuleManager: Shutting down and abandoning module UMG (72)
[2016.11.11-20.18.53:564][198]LogModuleManager: Shutting down and abandoning module SlateReflector (71)
[2016.11.11-20.18.53:564][198]LogModuleManager: Shutting down and abandoning module Slate (70)
[2016.11.11-20.18.53:564][198]LogModuleManager: Shutting down and abandoning module EditorStyle (69)
[2016.11.11-20.18.53:569][198]LogModuleManager: Shutting down and abandoning module SessionServices (68)
[2016.11.11-20.18.53:569][198]LogModuleManager: Shutting down and abandoning module SourceCodeAccess (67)
[2016.11.11-20.18.53:569][198]LogModuleManager: Shutting down and abandoning module HeadMountedDisplay (66)
[2016.11.11-20.18.53:569][198]LogModuleManager: Shutting down and abandoning module XAudio2 (65)
[2016.11.11-20.18.53:569][198]LogModuleManager: Shutting down and abandoning module Networking (63)
[2016.11.11-20.18.53:569][198]LogModuleManager: Shutting down and abandoning module Core (62)
[2016.11.11-20.18.53:569][198]LogModuleManager: Shutting down and abandoning module KismetCompiler (61)
[2016.11.11-20.18.53:569][198]LogModuleManager: Shutting down and abandoning module PhysXFormats (60)
[2016.11.11-20.18.53:569][198]LogModuleManager: Shutting down and abandoning module MeshUtilities (59)
[2016.11.11-20.18.53:569][198]LogModuleManager: Shutting down and abandoning module CookingStats (58)
[2016.11.11-20.18.53:569][198]LogModuleManager: Shutting down and abandoning module DerivedDataCache (57)
[2016.11.11-20.18.53:569][198]LogDerivedDataCache: Shutdown
[2016.11.11-20.18.53:569][198]LogModuleManager: Shutting down and abandoning module ShaderFormatOpenGL (56)
[2016.11.11-20.18.53:569][198]LogModuleManager: Shutting down and abandoning module ShaderFormatD3D (55)
[2016.11.11-20.18.53:569][198]LogModuleManager: Shutting down and abandoning module MetalShaderFormat (54)
[2016.11.11-20.18.53:569][198]LogModuleManager: Shutting down and abandoning module TextureFormatUncompressed (53)
[2016.11.11-20.18.53:569][198]LogModuleManager: Shutting down and abandoning module TextureFormatPVR (52)
[2016.11.11-20.18.53:570][198]LogModuleManager: Shutting down and abandoning module TextureFormatIntelISPCTexComp (51)
[2016.11.11-20.18.53:570][198]LogModuleManager: Shutting down and abandoning module TextureFormatDXT (50)
[2016.11.11-20.18.53:570][198]LogModuleManager: Shutting down and abandoning module ImageWrapper (49)
[2016.11.11-20.18.53:570][198]LogModuleManager: Shutting down and abandoning module TextureFormatASTC (48)
[2016.11.11-20.18.53:570][198]LogModuleManager: Shutting down and abandoning module TextureFormatAndroid (47)
[2016.11.11-20.18.53:570][198]LogModuleManager: Shutting down and abandoning module AudioFormatOpus (46)
[2016.11.11-20.18.53:570][198]LogModuleManager: Shutting down and abandoning module AudioFormatOgg (45)
[2016.11.11-20.18.53:570][198]LogModuleManager: Shutting down and abandoning module AudioFormatADPCM (44)
[2016.11.11-20.18.53:570][198]LogModuleManager: Shutting down and abandoning module LinuxTargetPlatform (43)
[2016.11.11-20.18.53:570][198]LogModuleManager: Shutting down and abandoning module LinuxServerTargetPlatform (42)
[2016.11.11-20.18.53:570][198]LogModuleManager: Shutting down and abandoning module LinuxNoEditorTargetPlatform (41)
[2016.11.11-20.18.53:570][198]LogModuleManager: Shutting down and abandoning module TVOSTargetPlatform (40)
[2016.11.11-20.18.53:570][198]LogModuleManager: Shutting down and abandoning module Messaging (39)
[2016.11.11-20.18.53:570][198]LogModuleManager: Shutting down and abandoning module IOSTargetPlatform (38)
[2016.11.11-20.18.53:570][198]LogModuleManager: Shutting down and abandoning module HTML5TargetPlatform (37)
[2016.11.11-20.18.53:570][198]LogModuleManager: Shutting down and abandoning module Android_PVRTCTargetPlatform (36)
[2016.11.11-20.18.53:570][198]LogModuleManager: Shutting down and abandoning module Android_MultiTargetPlatform (35)
[2016.11.11-20.18.53:570][198]LogModuleManager: Shutting down and abandoning module Android_ETC2TargetPlatform (34)
[2016.11.11-20.18.53:570][198]LogModuleManager: Shutting down and abandoning module Android_ETC1TargetPlatform (33)
[2016.11.11-20.18.53:570][198]LogModuleManager: Shutting down and abandoning module Android_DXTTargetPlatform (32)
[2016.11.11-20.18.53:570][198]LogModuleManager: Shutting down and abandoning module Android_ATCTargetPlatform (31)
[2016.11.11-20.18.53:570][198]LogModuleManager: Shutting down and abandoning module Android_ASTCTargetPlatform (30)
[2016.11.11-20.18.53:570][198]LogModuleManager: Shutting down and abandoning module AndroidTargetPlatform (29)
[2016.11.11-20.18.53:570][198]LogModuleManager: Shutting down and abandoning module WindowsTargetPlatform (28)
[2016.11.11-20.18.53:570][198]LogModuleManager: Shutting down and abandoning module WindowsServerTargetPlatform (27)
[2016.11.11-20.18.53:570][198]LogModuleManager: Shutting down and abandoning module WindowsNoEditorTargetPlatform (26)
[2016.11.11-20.18.53:570][198]LogModuleManager: Shutting down and abandoning module WindowsClientTargetPlatform (25)
[2016.11.11-20.18.53:570][198]LogModuleManager: Shutting down and abandoning module AllDesktopTargetPlatform (24)
[2016.11.11-20.18.53:570][198]LogModuleManager: Shutting down and abandoning module TargetPlatform (23)
[2016.11.11-20.18.53:570][198]LogModuleManager: Shutting down and abandoning module InputCore (22)
[2016.11.11-20.18.53:570][198]LogModuleManager: Shutting down and abandoning module Settings (21)
[2016.11.11-20.18.53:570][198]LogModuleManager: Shutting down and abandoning module OnlineSubsystem (19)
[2016.11.11-20.18.53:570][198]LogModuleManager: Shutting down and abandoning module HTTP (18)
[2016.11.11-20.18.55:573][198]LogModuleManager: Shutting down and abandoning module XMPP (17)
[2016.11.11-20.18.55:574][198]LogModuleManager: Shutting down and abandoning module OculusRift (16)
[2016.11.11-20.18.55:574][198]LogModuleManager: Shutting down and abandoning module ExampleDeviceProfileSelector (15)
[2016.11.11-20.18.55:574][198]LogModuleManager: Shutting down and abandoning module TextureCompressor (14)
[2016.11.11-20.18.55:574][198]LogModuleManager: Shutting down and abandoning module ShaderCore (13)
[2016.11.11-20.18.55:574][198]LogModuleManager: Shutting down and abandoning module Landscape (12)
[2016.11.11-20.18.55:574][198]LogModuleManager: Shutting down and abandoning module SlateRHIRenderer (11)
[2016.11.11-20.18.55:575][198]LogModuleManager: Shutting down and abandoning module OpenGLDrv (10)
[2016.11.11-20.18.55:575][198]LogModuleManager: Shutting down and abandoning module D3D11RHI (9)
[2016.11.11-20.18.55:575][198]LogModuleManager: Shutting down and abandoning module AnimGraphRuntime (8)
[2016.11.11-20.18.55:575][198]LogModuleManager: Shutting down and abandoning module Renderer (7)
[2016.11.11-20.18.55:575][198]LogModuleManager: Shutting down and abandoning module Engine (6)
[2016.11.11-20.18.55:575][198]LogModuleManager: Shutting down and abandoning module CoreUObject (5)
[2016.11.11-20.18.55:575][198]LogModuleManager: Shutting down and abandoning module NetworkFile (4)
[2016.11.11-20.18.55:575][198]LogModuleManager: Shutting down and abandoning module StreamingFile (3)
[2016.11.11-20.18.55:575][198]LogModuleManager: Shutting down and abandoning module SandboxFile (2)
[2016.11.11-20.18.55:575][198]LogModuleManager: Shutting down and abandoning module PakFile (1)
[2016.11.11-20.18.55:578][198]LogExit: Exiting.
[2016.11.11-20.18.55:592][198]Log file closed, 11/11/16 15:18:55
