Log file open, 11/11/16 15:21:58
LogInit:Display: Running engine for game: GSP340GrpBWk2Ilab
LogPlatformFile: Not using cached read wrapper
LogInit:Display: RandInit(-2139254045) SRandInit(-2139254043).
LogTaskGraph: Started task graph with 4 named threads and 7 total threads.
LogStats: Stats thread started at 0.092147
LogInit: Version: 4.11.2-2946394+++UE4+Release-4.11
LogInit: API Version: 2927265
LogInit: Compiled (64-bit): Apr 18 2016 02:18:46
LogInit: Compiled with Visual C++: 19.00.23026.00
LogInit: Build Configuration: Development
LogInit: Branch Name: ++UE4+Release-4.11
LogInit: Command line: -EpicPortal 
LogInit: Base directory: C:/Program Files (x86)/Epic Games/4.11/Engine/Binaries/Win64/
LogInit: Installed Engine Build: 1
LogInit: Using libcurl 7.41.0
LogInit:  - built for x86_64-pc-win32
LogInit:  - supports SSL with WinSSL
LogInit:  - other features:
LogInit:      CURL_VERSION_SSL
LogInit:      CURL_VERSION_IPV6
LogInit:      CURL_VERSION_ASYNCHDNS
LogInit:      CURL_VERSION_LARGEFILE
LogInit:      CURL_VERSION_IDN
LogInit:  CurlRequestOptions (configurable via config and command line):
LogInit:  - bVerifyPeer = true  - Libcurl will verify peer certificate
LogInit:  - bUseHttpProxy = false  - Libcurl will NOT use HTTP proxy
LogInit:  - bDontReuseConnections = false  - Libcurl will reuse connections
LogInit:  - CertBundlePath = nullptr  - Libcurl will use whatever was configured at build time.
LogInit: Presizing for max 16777216 objects, including 0 objects not considered by GC, pre-allocating 0 bytes for permanent pool.
LogInit: Object subsystem initialized
[2016.11.11-20.21.58:878][  0]LogInit: Selected Device Profile: [Windows]
[2016.11.11-20.21.58:878][  0]LogInit: Applying CVar settings loaded from the selected device profile: [Windows]
[2016.11.11-20.21.58:884][  0]LogInit: Computer: DALI-MSI
[2016.11.11-20.21.58:884][  0]LogInit: User: edsad
[2016.11.11-20.21.58:884][  0]LogInit: CPU Page size=65536, Cores=4
[2016.11.11-20.21.58:884][  0]LogInit: High frequency timer resolution =2.531248 MHz
[2016.11.11-20.21.58:885][  0]LogMemory: Memory total: Physical=15.9GB (16GB approx)
[2016.11.11-20.21.58:885][  0]LogMemory: Platform Memory Stats for Windows
[2016.11.11-20.21.58:885][  0]LogMemory: Process Physical Memory: 314.31 MB used, 314.31 MB peak
[2016.11.11-20.21.58:885][  0]LogMemory: Process Virtual Memory: 315.07 MB used, 315.07 MB peak
[2016.11.11-20.21.58:885][  0]LogMemory: Physical Memory: 7799.40 MB used, 16284.60 MB total
[2016.11.11-20.21.58:885][  0]LogMemory: Virtual Memory: 652.58 MB used, 134217728.00 MB total
[2016.11.11-20.21.59:264][  0]LogTextLocalizationManager: No specific translations for ('en-US') exist, so ('en') translations will be used.
[2016.11.11-20.21.59:704][  0]LogD3D11RHI: D3D11 adapters:
[2016.11.11-20.22.00:303][  0]LogD3D11RHI:    0. 'NVIDIA GeForce GTX 960M' (Feature Level 11_0)
[2016.11.11-20.22.00:303][  0]LogD3D11RHI:       2018MB of dedicated video memory, 0MB of dedicated system memory, and 8142MB of shared system memory, 2 output[s]
[2016.11.11-20.22.00:313][  0]LogD3D11RHI:    1. 'Intel(R) HD Graphics 530' (Feature Level 11_0)
[2016.11.11-20.22.00:313][  0]LogD3D11RHI:       128MB of dedicated video memory, 0MB of dedicated system memory, and 8142MB of shared system memory, 0 output[s]
[2016.11.11-20.22.00:315][  0]LogD3D11RHI:    2. 'Microsoft Basic Render Driver' (Feature Level 11_0)
[2016.11.11-20.22.00:315][  0]LogD3D11RHI:       0MB of dedicated video memory, 0MB of dedicated system memory, and 8142MB of shared system memory, 0 output[s]
[2016.11.11-20.22.00:315][  0]LogD3D11RHI: Chosen D3D11 Adapter: 0
[2016.11.11-20.22.00:320][  0]LogD3D11RHI: Creating new Direct3DDevice
[2016.11.11-20.22.00:321][  0]LogD3D11RHI:     Adapter Name: NVIDIA GeForce GTX 960M
[2016.11.11-20.22.00:321][  0]LogD3D11RHI:   Driver Version: Unknown (internal Unknown)
[2016.11.11-20.22.00:321][  0]LogD3D11RHI:      Driver Date: Unknown
[2016.11.11-20.22.00:321][  0]LogRHI: Texture pool is 1361 MB (70% of 1945 MB)
[2016.11.11-20.22.00:857][  0]LogD3D11RHI: Async texture creation enabled
[2016.11.11-20.22.00:907][  0]LogShaderCompilers: Guid format shader working directory is 8 characters bigger than the processId version (D:/GSP340_CP_Zombs/GSP340GroupBWk2Ilab/Intermediate/Shaders/WorkingDirectory/7476/).
[2016.11.11-20.22.00:907][  0]LogShaderCompilers: Cleaned the shader compiler working directory 'C:/Users/edsad/AppData/Local/Temp/UnrealShaderWorkingDir/D53EDB57455A7B22B8F5B284A48D9E43/'.
[2016.11.11-20.22.00:907][  0]LogShaderCompilers:Display: Using Local Shader Compiler.
[2016.11.11-20.22.01:982][  0]LogTemp:Display: Loaded TP AllDesktopTargetPlatform
[2016.11.11-20.22.01:988][  0]LogTemp:Display: Loaded TP WindowsClientTargetPlatform
[2016.11.11-20.22.01:995][  0]LogTemp:Display: Loaded TP WindowsNoEditorTargetPlatform
[2016.11.11-20.22.02:002][  0]LogTemp:Display: Loaded TP WindowsServerTargetPlatform
[2016.11.11-20.22.02:008][  0]LogTemp:Display: Loaded TP WindowsTargetPlatform
[2016.11.11-20.22.02:013][  0]LogTemp:Display: Loaded TP AndroidTargetPlatform
[2016.11.11-20.22.02:017][  0]LogTemp:Display: Loaded TP Android_ASTCTargetPlatform
[2016.11.11-20.22.02:022][  0]LogTemp:Display: Loaded TP Android_ATCTargetPlatform
[2016.11.11-20.22.02:027][  0]LogTemp:Display: Loaded TP Android_DXTTargetPlatform
[2016.11.11-20.22.02:030][  0]LogTemp:Display: Loaded TP Android_ETC1TargetPlatform
[2016.11.11-20.22.02:034][  0]LogTemp:Display: Loaded TP Android_ETC2TargetPlatform
[2016.11.11-20.22.02:041][  0]LogTemp:Display: Loaded TP Android_MultiTargetPlatform
[2016.11.11-20.22.02:042][  0]LogTemp:Display: Loaded TP Android_PVRTCTargetPlatform
[2016.11.11-20.22.02:043][  0]LogTemp:Display: Loaded TP HTML5TargetPlatform
[2016.11.11-20.22.02:064][  0]LogTemp:Display: Loaded TP IOSTargetPlatform
[2016.11.11-20.22.02:067][  0]LogTemp:Display: Loaded TP TVOSTargetPlatform
[2016.11.11-20.22.02:070][  0]LogTemp:Display: Loaded TP LinuxNoEditorTargetPlatform
[2016.11.11-20.22.02:074][  0]LogTemp:Display: Loaded TP LinuxServerTargetPlatform
[2016.11.11-20.22.02:078][  0]LogTemp:Display: Loaded TP LinuxTargetPlatform
[2016.11.11-20.22.02:078][  0]LogTargetPlatformManager:Display: Building Assets For Windows
[2016.11.11-20.22.02:221][  0]LogDerivedDataCache:Display: Max Cache Size: 512 MB
[2016.11.11-20.22.02:285][  0]LogDerivedDataCache: Loaded boot cache 0.06s 46MB C:/Users/edsad/AppData/Local/UnrealEngine/4.11/DerivedDataCache/Boot.ddc.
[2016.11.11-20.22.02:285][  0]LogDerivedDataCache:Display: Loaded Boot cache: C:/Users/edsad/AppData/Local/UnrealEngine/4.11/DerivedDataCache/Boot.ddc
[2016.11.11-20.22.02:286][  0]LogDerivedDataCache: FDerivedDataBackendGraph:  Pak pak cache file D:/GSP340_CP_Zombs/GSP340GroupBWk2Ilab/DerivedDataCache/DDC.ddp not found, will not use a pak cache.
[2016.11.11-20.22.02:286][  0]LogDerivedDataCache: Unable to find inner node Pak for hierarchical cache Hierarchy.
[2016.11.11-20.22.02:286][  0]LogDerivedDataCache: FDerivedDataBackendGraph:  CompressedPak pak cache file D:/GSP340_CP_Zombs/GSP340GroupBWk2Ilab/DerivedDataCache/Compressed.ddp not found, will not use a pak cache.
[2016.11.11-20.22.02:286][  0]LogDerivedDataCache: Unable to find inner node CompressedPak for hierarchical cache Hierarchy.
[2016.11.11-20.22.02:301][  0]LogDerivedDataCache:Display: Pak cache opened for reading ../../../Engine/DerivedDataCache/Compressed.ddp.
[2016.11.11-20.22.02:313][  0]LogDerivedDataCache: Using Local data cache path C:/Users/edsad/AppData/Local/UnrealEngine/Common/DerivedDataCache: Writable
[2016.11.11-20.22.02:508][  0]LogInit: Selected Device Profile: [Windows]
[2016.11.11-20.22.02:509][  0]LogContentStreaming: Texture pool size is 0.00 MB
[2016.11.11-20.22.02:560][  0]LogMaterial: Uniform references updated for custom material expression Custom.
[2016.11.11-20.22.02:725][  0]LogMeshUtilities: No automatic mesh reduction module available
[2016.11.11-20.22.02:725][  0]LogMeshUtilities: No automatic mesh merging module available
[2016.11.11-20.22.02:725][  0]LogMeshUtilities: No distributed automatic mesh merging module available
[2016.11.11-20.22.03:002][  0]LogUObjectArray: 27679 objects as part of root set at end of initial load.
[2016.11.11-20.22.03:002][  0]LogUObjectAllocator: 5591600 out of 0 bytes used by permanent object pool.
[2016.11.11-20.22.03:002][  0]LogUObjectArray: CloseDisregardForGC: 0/0 objects in disregard for GC pool
[2016.11.11-20.22.03:015][  0]LogInit: WinSock: version 1.1 (2.2), MaxSocks=32767, MaxUdp=65467
[2016.11.11-20.22.03:161][  0]LogSlate: SlateFontCache - WITH_FREETYPE: 1, WITH_HARFBUZZ: 1
[2016.11.11-20.22.03:161][  0]LogSlate: SlateFontCache - WITH_FREETYPE: 1, WITH_HARFBUZZ: 1
[2016.11.11-20.22.03:345][  0]LogStreaming:Warning: Failed to read file '../../../Engine/Content/Editor/Slate/Common/Selection_16x.png' error.
[2016.11.11-20.22.03:345][  0]LogSlate: Could not find file for Slate resource: ../../../Engine/Content/Editor/Slate/Common/Selection_16x.png
[2016.11.11-20.22.03:345][  0]LogStreaming:Warning: Failed to read file '../../../Engine/Content/Editor/Slate/Common/Selection_16x.png' error.
[2016.11.11-20.22.03:345][  0]LogSlate: Could not find file for Slate resource: ../../../Engine/Content/Editor/Slate/Common/Selection_16x.png
[2016.11.11-20.22.03:345][  0]LogStreaming:Warning: Failed to read file '../../../Engine/Content/Editor/Slate/Common/Selection_16x.png' error.
[2016.11.11-20.22.03:345][  0]LogSlate: Could not find file for Slate resource: ../../../Engine/Content/Editor/Slate/Common/Selection_16x.png
[2016.11.11-20.22.04:252][  0]LogUdpMessaging: Initializing bridge on interface 0.0.0.0:0 to multicast group 230.0.0.1:6666.
[2016.11.11-20.22.04:374][  0]LogAssetRegistry: FAssetRegistry took 0.0219 seconds to start up
[2016.11.11-20.22.04:564][  0]SourceControl: Info Source control is disabled
[2016.11.11-20.22.04:660][  0]SourceControl: Info Source control is disabled
[2016.11.11-20.22.04:673][  0]SourceControl: Info Source control is disabled
[2016.11.11-20.22.04:687][  0]SourceControl: Info Source control is disabled
[2016.11.11-20.22.04:900][  0]LogHMD: Failed to initialize OpenVR with code 110
[2016.11.11-20.22.04:999][  0]LogEngine: Initializing Engine...
[2016.11.11-20.22.05:167][  0]LogAIModule: Creating AISystem for world NewWorld
[2016.11.11-20.22.05:174][  0]LogInit: XAudio2 using 'Speakers (Realtek High Definition Audio)' : 8 channels at 48 kHz using 32 bits per sample (channel mask 0x63f)
[2016.11.11-20.22.05:224][  0]LogInit: FAudioDevice initialized.
[2016.11.11-20.22.05:250][  0]LogDerivedDataCache: Saved boot cache 0.03s 46MB C:/Users/edsad/AppData/Local/UnrealEngine/4.11/DerivedDataCache/Boot.ddc.
[2016.11.11-20.22.05:254][  0]LogInit: Texture streaming: Enabled
[2016.11.11-20.22.05:297][  0]LogInit: Transaction tracking system initialized
[2016.11.11-20.22.05:347][  0]BlueprintLog: New page: Editor Load
[2016.11.11-20.22.05:480][  0]LocalizationService: Info Localization service is disabled
[2016.11.11-20.22.05:604][  0]LogConsoleResponse:Display: 
[2016.11.11-20.22.05:750][  0]LogCook:Display: Max memory allowance for cook 8192mb
[2016.11.11-20.22.05:750][  0]LogCook:Display: Mobile HDR setting 1
[2016.11.11-20.22.05:750][  0]LogCook:Display: Done creating registry. It took  0.00s.
[2016.11.11-20.22.05:842][  0]LogFileCache: Scanning file cache for directory 'D:/GSP340_CP_Zombs/GSP340GroupBWk2Ilab/Content/' took 0.01s
[2016.11.11-20.22.05:842][  0]SourceControl: Info Source control is disabled
[2016.11.11-20.22.05:842][  0]Cmd: MAP LOAD FILE="D:/GSP340_CP_Zombs/GSP340GroupBWk2Ilab/Content/FirstPersonBP/Maps/FirstPersonExampleMap.umap" TEMPLATE=0 SHOWPROGRESS=1 FEATURELEVEL=3
[2016.11.11-20.22.05:849][  0]LightingResults: New page: Lighting Build
[2016.11.11-20.22.05:855][  0]MapCheck: New page: Map Check
[2016.11.11-20.22.05:855][  0]LightingResults: New page: Lighting Build
[2016.11.11-20.22.06:724][  0]LogAIModule: Creating AISystem for world FirstPersonExampleMap
[2016.11.11-20.22.06:743][  0]LogEditorServer: Finished looking for orphan Actors (0.000 secs)
[2016.11.11-20.22.06:745][  0]Cmd: MAP CHECKDEP NOCLEARLOG
[2016.11.11-20.22.06:855][  0]MapCheck: Info Map check complete: 0 Error(s), 0 Warning(s), took 109.278ms to complete.
[2016.11.11-20.22.06:855][  0]LogFileHelpers: Loading map 'FirstPersonExampleMap' took 1.012
[2016.11.11-20.22.07:151][  0]LogCollectionManager: Loaded 0 collections in 0.003441 seconds
[2016.11.11-20.22.07:214][  0]LogFileCache: Scanning file cache for directory 'D:/GSP340_CP_Zombs/GSP340GroupBWk2Ilab/Saved/Collections/' took 0.01s
[2016.11.11-20.22.07:214][  0]LogFileCache: Scanning file cache for directory 'D:/GSP340_CP_Zombs/GSP340GroupBWk2Ilab/Content/Developers/edsad/Collections/' took 0.01s
[2016.11.11-20.22.07:214][  0]LogFileCache: Scanning file cache for directory 'D:/GSP340_CP_Zombs/GSP340GroupBWk2Ilab/Content/Collections/' took 0.01s
[2016.11.11-20.22.07:214][  0]LogCollectionManager: Rebuilt the GUID cache for 0 collections in 0.000002 seconds
[2016.11.11-20.22.07:222][  0]LogContentBrowser: Native class hierarchy populated in 0.0078 seconds. Added 1979 classes and 343 folders.
[2016.11.11-20.22.07:227][  0]LogStats: UGameplayTagsManager::ConstructGameplayTagTree: Construct from data asset -  0.000 s
[2016.11.11-20.22.07:227][  0]LogStats: UGameplayTagsManager::ConstructGameplayTagTree: GameplayTagTreeChangedEvent.Broadcast -  0.000 s
[2016.11.11-20.22.07:228][  0]LogContentBrowser: Native class hierarchy updated for 'GameplayTags' in 0.0006 seconds. Added 12 classes and 0 folders.
[2016.11.11-20.22.07:237][  0]LogContentBrowser: Native class hierarchy updated for 'WidgetCarousel' in 0.0003 seconds. Added 0 classes and 0 folders.
[2016.11.11-20.22.07:246][  0]LogContentBrowser: Native class hierarchy updated for 'SuperSearch' in 0.0005 seconds. Added 1 classes and 2 folders.
[2016.11.11-20.22.07:310][  0]LogContentBrowser: Native class hierarchy updated for 'AddContentDialog' in 0.0004 seconds. Added 0 classes and 0 folders.
[2016.11.11-20.22.07:316][  0]LogContentBrowser: Native class hierarchy updated for 'SceneOutliner' in 0.0004 seconds. Added 1 classes and 2 folders.
[2016.11.11-20.22.07:373][  0]LogCrashTracker: Crashtracker disabled due to settings.
[2016.11.11-20.22.07:462][  0]LogWindowsTextInputMethodSystem:Display: IME system now deactivated.
[2016.11.11-20.22.07:589][  0]LogContentBrowser: Native class hierarchy updated for 'HierarchicalLODOutliner' in 0.0004 seconds. Added 1 classes and 2 folders.
[2016.11.11-20.22.07:596][  0]LogLoad: Full Startup: 9.66 seconds (BP compile: 0.08 seconds)
[2016.11.11-20.22.07:596][  0]LogExternalProfiler: Found external profiler: VSPerf
[2016.11.11-20.22.07:596][  0]LogExternalProfiler: Using external profiler: VSPerf
[2016.11.11-20.22.07:622][  0]LogOcInput: OculusInput pre-init called
[2016.11.11-20.22.07:672][  0]LogContentStreaming: Texture pool size now 1000 MB
[2016.11.11-20.22.07:852][  0]LogRenderer: Reallocating scene render targets to support 964x440 (Frame:2).
[2016.11.11-20.22.07:972][  1]LogAssetRegistry: Asset discovery search completed in 3.6200 seconds
[2016.11.11-20.22.07:972][  1]LogCollectionManager: Rebuilt the object cache for 0 collections in 0.000000 seconds (found 0 objects)
[2016.11.11-20.22.07:972][  1]LogCollectionManager: Fixed up redirectors for 0 collections in 0.000023 seconds (updated 0 objects)
[2016.11.11-20.22.17:737][495]LogWindowsTextInputMethodSystem:Display: IME system now deactivated.
[2016.11.11-20.22.17:922][496]Cmd: QUIT_EDITOR
[2016.11.11-20.22.18:012][496]LogExit: Preparing to exit.
[2016.11.11-20.22.18:387][496]LogExit: Editor shut down
[2016.11.11-20.22.18:387][496]LogExit: Transaction tracking system shut down
[2016.11.11-20.22.18:480][496]LogObj: Freed 0b from 0 cluster array pools.
[2016.11.11-20.22.18:480][496]LogExit: Object subsystem successfully closed.
[2016.11.11-20.22.18:501][496]LogD3D11RHI: Shutdown
[2016.11.11-20.22.18:501][496]LogD3D11RHI: CleanupD3DDevice
[2016.11.11-20.22.18:567][496]LogD3D11RHI: ~FD3D11DynamicRHI
[2016.11.11-20.22.18:820][496]LogDerivedDataCache: Shutdown
[2016.11.11-20.22.18:820][496]LogModuleManager: Shutting down and abandoning module HierarchicalLODOutliner (204)
[2016.11.11-20.22.18:820][496]LogModuleManager: Shutting down and abandoning module CrashTracker (203)
[2016.11.11-20.22.18:820][496]LogModuleManager: Shutting down and abandoning module SceneOutliner (202)
[2016.11.11-20.22.18:820][496]LogModuleManager: Shutting down and abandoning module SuperSearch (201)
[2016.11.11-20.22.18:820][496]LogModuleManager: Shutting down and abandoning module WidgetCarousel (200)
[2016.11.11-20.22.18:820][496]LogModuleManager: Shutting down and abandoning module AddContentDialog (199)
[2016.11.11-20.22.18:821][496]LogModuleManager: Shutting down and abandoning module GameplayTags (198)
[2016.11.11-20.22.18:821][496]LogModuleManager: Shutting down and abandoning module EditorWidgets (197)
[2016.11.11-20.22.18:821][496]LogModuleManager: Shutting down and abandoning module CollectionManager (196)
[2016.11.11-20.22.18:821][496]LogModuleManager: Shutting down and abandoning module StatsViewer (195)
[2016.11.11-20.22.18:821][496]LogModuleManager: Shutting down and abandoning module FoliageEdit (194)
[2016.11.11-20.22.18:821][496]LogModuleManager: Shutting down and abandoning module LandscapeEditor (193)
[2016.11.11-20.22.18:822][496]LogModuleManager: Shutting down and abandoning module ActorPickerMode (192)
[2016.11.11-20.22.18:822][496]LogModuleManager: Shutting down and abandoning module GeometryMode (191)
[2016.11.11-20.22.18:822][496]LogModuleManager: Shutting down and abandoning module TextureAlignMode (190)
[2016.11.11-20.22.18:822][496]LogModuleManager: Shutting down and abandoning module BspMode (189)
[2016.11.11-20.22.18:822][496]LogModuleManager: Shutting down and abandoning module PlacementMode (188)
[2016.11.11-20.22.18:822][496]LogModuleManager: Shutting down and abandoning module AutomationWorker (187)
[2016.11.11-20.22.18:822][496]LogModuleManager: Shutting down and abandoning module CharacterAI (186)
[2016.11.11-20.22.18:822][496]LogModuleManager: Shutting down and abandoning module SmartSnapping (185)
[2016.11.11-20.22.18:822][496]LogModuleManager: Shutting down and abandoning module ViewportSnapping (184)
[2016.11.11-20.22.18:822][496]LogModuleManager: Shutting down and abandoning module LogVisualizer (183)
[2016.11.11-20.22.18:822][496]LogModuleManager: Shutting down and abandoning module GameProjectGeneration (182)
[2016.11.11-20.22.18:822][496]LogModuleManager: Shutting down and abandoning module IntroTutorials (181)
[2016.11.11-20.22.18:822][496]LogModuleManager: Shutting down and abandoning module EditorLiveStreaming (180)
[2016.11.11-20.22.18:822][496]LogModuleManager: Shutting down and abandoning module IOSPlatformEditor (179)
[2016.11.11-20.22.18:822][496]LogModuleManager: Shutting down and abandoning module HTML5PlatformEditor (178)
[2016.11.11-20.22.18:822][496]LogModuleManager: Shutting down and abandoning module AndroidDeviceDetection (177)
[2016.11.11-20.22.19:539][496]LogModuleManager: Shutting down and abandoning module AndroidPlatformEditor (176)
[2016.11.11-20.22.19:539][496]LogModuleManager: Shutting down and abandoning module IOSRuntimeSettings (175)
[2016.11.11-20.22.19:539][496]LogModuleManager: Shutting down and abandoning module AndroidRuntimeSettings (174)
[2016.11.11-20.22.19:539][496]LogModuleManager: Shutting down and abandoning module MergeActors (173)
[2016.11.11-20.22.19:539][496]LogModuleManager: Shutting down and abandoning module SizeMap (172)
[2016.11.11-20.22.19:539][496]LogModuleManager: Shutting down and abandoning module TreeMap (171)
[2016.11.11-20.22.19:539][496]LogModuleManager: Shutting down and abandoning module ReferenceViewer (170)
[2016.11.11-20.22.19:539][496]LogModuleManager: Shutting down and abandoning module LocalizationService (169)
[2016.11.11-20.22.19:540][496]LogModuleManager: Shutting down and abandoning module LocalizationDashboard (168)
[2016.11.11-20.22.19:540][496]LogModuleManager: Shutting down and abandoning module HardwareTargeting (167)
[2016.11.11-20.22.19:540][496]LogModuleManager: Shutting down and abandoning module DeviceProfileEditor (166)
[2016.11.11-20.22.19:540][496]LogModuleManager: Shutting down and abandoning module UndoHistory (165)
[2016.11.11-20.22.19:540][496]LogModuleManager: Shutting down and abandoning module UserFeedback (164)
[2016.11.11-20.22.19:540][496]LogModuleManager: Shutting down and abandoning module XmlParser (163)
[2016.11.11-20.22.19:540][496]LogModuleManager: Shutting down and abandoning module Blutility (162)
[2016.11.11-20.22.19:540][496]LogModuleManager: Shutting down and abandoning module ProjectTargetPlatformEditor (161)
[2016.11.11-20.22.19:540][496]LogModuleManager: Shutting down and abandoning module ProjectSettingsViewer (160)
[2016.11.11-20.22.19:540][496]LogModuleManager: Shutting down and abandoning module InputBindingEditor (159)
[2016.11.11-20.22.19:540][496]LogModuleManager: Shutting down and abandoning module EditorSettingsViewer (158)
[2016.11.11-20.22.19:540][496]LogModuleManager: Shutting down and abandoning module SettingsEditor (157)
[2016.11.11-20.22.19:540][496]LogModuleManager: Shutting down and abandoning module ProjectLauncher (156)
[2016.11.11-20.22.19:540][496]LogModuleManager: Shutting down and abandoning module SessionFrontend (155)
[2016.11.11-20.22.19:540][496]LogModuleManager: Shutting down and abandoning module ProfilerClient (154)
[2016.11.11-20.22.19:541][496]LogModuleManager: Shutting down and abandoning module TargetDeviceServices (153)
[2016.11.11-20.22.19:541][496]LogModuleManager: Shutting down and abandoning module DeviceManager (152)
[2016.11.11-20.22.19:572][496]LogModuleManager: Shutting down and abandoning module AutomationController (151)
[2016.11.11-20.22.19:572][496]LogModuleManager: Shutting down and abandoning module AutomationWindow (150)
[2016.11.11-20.22.19:572][496]LogModuleManager: Shutting down and abandoning module Layers (149)
[2016.11.11-20.22.19:572][496]LogModuleManager: Shutting down and abandoning module ComponentVisualizers (148)
[2016.11.11-20.22.19:572][496]LogModuleManager: Shutting down and abandoning module DetailCustomizations (147)
[2016.11.11-20.22.19:572][496]LogModuleManager: Shutting down and abandoning module PackagesDialog (146)
[2016.11.11-20.22.19:572][496]LogModuleManager: Shutting down and abandoning module Persona (145)
[2016.11.11-20.22.19:572][496]LogModuleManager: Shutting down and abandoning module Kismet (144)
[2016.11.11-20.22.19:572][496]LogModuleManager: Shutting down and abandoning module GraphEditor (143)
[2016.11.11-20.22.19:572][496]LogModuleManager: Shutting down and abandoning module ClassViewer (142)
[2016.11.11-20.22.19:572][496]LogModuleManager: Shutting down and abandoning module Toolbox (141)
[2016.11.11-20.22.19:572][496]LogModuleManager: Shutting down and abandoning module ModuleUI (140)
[2016.11.11-20.22.19:572][496]LogModuleManager: Shutting down and abandoning module MovieSceneTools (139)
[2016.11.11-20.22.19:572][496]LogModuleManager: Shutting down and abandoning module OutputLog (138)
[2016.11.11-20.22.19:572][496]LogModuleManager: Shutting down and abandoning module GammaUI (137)
[2016.11.11-20.22.19:572][496]LogModuleManager: Shutting down and abandoning module Documentation (136)
[2016.11.11-20.22.19:572][496]LogModuleManager: Shutting down and abandoning module StreamingPauseRendering (135)
[2016.11.11-20.22.19:572][496]LogModuleManager: Shutting down and abandoning module AnalyticsET (134)
[2016.11.11-20.22.19:572][496]LogModuleManager: Shutting down and abandoning module Analytics (133)
[2016.11.11-20.22.19:572][496]LogModuleManager: Shutting down and abandoning module PortalServices (132)
[2016.11.11-20.22.19:572][496]LogModuleManager: Shutting down and abandoning module PortalRpc (131)
[2016.11.11-20.22.19:572][496]LogModuleManager: Shutting down and abandoning module MessagingRpc (130)
[2016.11.11-20.22.19:572][496]LogModuleManager: Shutting down and abandoning module AITestSuite (129)
[2016.11.11-20.22.19:572][496]LogModuleManager: Shutting down and abandoning module GameplayDebugger (128)
[2016.11.11-20.22.19:572][496]LogModuleManager: Shutting down and abandoning module AIModule (127)
[2016.11.11-20.22.19:572][496]LogModuleManager: Shutting down and abandoning module ProfilerService (126)
[2016.11.11-20.22.19:707][496]LogModuleManager: Shutting down and abandoning module TaskGraph (125)
[2016.11.11-20.22.19:707][496]LogModuleManager: Shutting down and abandoning module SlateRemote (124)
[2016.11.11-20.22.19:707][496]LogModuleManager: Shutting down and abandoning module SteamVRController (123)
[2016.11.11-20.22.19:707][496]LogModuleManager: Shutting down and abandoning module SteamVR (122)
[2016.11.11-20.22.19:707][496]LogModuleManager: Shutting down and abandoning module ProceduralMeshComponent (121)
[2016.11.11-20.22.19:707][496]LogModuleManager: Shutting down and abandoning module OculusLibrary (120)
[2016.11.11-20.22.19:707][496]LogModuleManager: Shutting down and abandoning module OculusInput (119)
[2016.11.11-20.22.19:707][496]LogModuleManager: Shutting down and abandoning module CustomMeshComponent (118)
[2016.11.11-20.22.19:707][496]LogModuleManager: Shutting down and abandoning module CableComponent (117)
[2016.11.11-20.22.19:707][496]LogModuleManager: Shutting down and abandoning module ArchVisCharacter (116)
[2016.11.11-20.22.19:707][496]LogModuleManager: Shutting down and abandoning module MediaPlayerEditor (115)
[2016.11.11-20.22.19:707][496]LogModuleManager: Shutting down and abandoning module HTML5Networking (114)
[2016.11.11-20.22.19:707][496]LogModuleManager: Shutting down and abandoning module SpeedTreeImporter (113)
[2016.11.11-20.22.19:707][496]LogModuleManager: Shutting down and abandoning module PluginBrowser (112)
[2016.11.11-20.22.19:707][496]LogModuleManager: Shutting down and abandoning module EpicSurvey (111)
[2016.11.11-20.22.19:707][496]LogModuleManager: Shutting down and abandoning module DesktopPlatform (110)
[2016.11.11-20.22.19:707][496]LogModuleManager: Shutting down and abandoning module VisualStudioSourceCodeAccess (109)
[2016.11.11-20.22.19:707][496]LogModuleManager: Shutting down and abandoning module UObjectPlugin (108)
[2016.11.11-20.22.19:707][496]LogModuleManager: Shutting down and abandoning module SubversionSourceControl (107)
[2016.11.11-20.22.19:707][496]LogModuleManager: Shutting down and abandoning module PerforceSourceControl (106)
[2016.11.11-20.22.19:707][496]LogModuleManager: Shutting down and abandoning module SourceControl (105)
[2016.11.11-20.22.19:707][496]LogModuleManager: Shutting down and abandoning module GitSourceControl (104)
[2016.11.11-20.22.19:707][496]LogModuleManager: Shutting down and abandoning module LightPropagationVolumeEditor (103)
[2016.11.11-20.22.19:707][496]LogModuleManager: Shutting down and abandoning module PaperTiledImporter (102)
[2016.11.11-20.22.19:708][496]LogModuleManager: Shutting down and abandoning module PaperSpriteSheetImporter (101)
[2016.11.11-20.22.19:708][496]LogModuleManager: Shutting down and abandoning module MeshPaint (100)
[2016.11.11-20.22.19:708][496]LogModuleManager: Shutting down and abandoning module HotReload (99)
[2016.11.11-20.22.19:709][496]LogModuleManager: Shutting down and abandoning module MainFrame (98)
[2016.11.11-20.22.19:709][496]LogModuleManager: Shutting down and abandoning module LevelEditor (97)
[2016.11.11-20.22.19:710][496]LogModuleManager: Shutting down and abandoning module DirectoryWatcher (96)
[2016.11.11-20.22.19:710][496]LogModuleManager: Shutting down and abandoning module AssetRegistry (95)
[2016.11.11-20.22.19:907][496]LogModuleManager: Shutting down and abandoning module ContentBrowser (94)
[2016.11.11-20.22.19:907][496]LogModuleManager: Shutting down and abandoning module Paper2DEditor (93)
[2016.11.11-20.22.19:907][496]LogModuleManager: Shutting down and abandoning module UdpMessaging (92)
[2016.11.11-20.22.20:009][496]LogModuleManager: Shutting down and abandoning module LightPropagationVolumeRuntime (91)
[2016.11.11-20.22.20:009][496]LogModuleManager: Shutting down and abandoning module Paper2D (90)
[2016.11.11-20.22.20:009][496]LogModuleManager: Shutting down and abandoning module WindowsMoviePlayer (89)
[2016.11.11-20.22.20:009][496]LogModuleManager: Shutting down and abandoning module Media (88)
[2016.11.11-20.22.20:009][496]LogModuleManager: Shutting down and abandoning module WmfMedia (87)
[2016.11.11-20.22.20:010][496]LogModuleManager: Shutting down and abandoning module MediaAssets (86)
[2016.11.11-20.22.20:010][496]LogModuleManager: Shutting down and abandoning module GameLiveStreaming (85)
[2016.11.11-20.22.20:010][496]LogModuleManager: Shutting down and abandoning module GameplayTagsEditor (84)
[2016.11.11-20.22.20:010][496]LogModuleManager: Shutting down and abandoning module OnlineBlueprintSupport (83)
[2016.11.11-20.22.20:010][496]LogModuleManager: Shutting down and abandoning module GameplayTasksEditor (82)
[2016.11.11-20.22.20:010][496]LogModuleManager: Shutting down and abandoning module PropertyEditor (81)
[2016.11.11-20.22.20:010][496]LogModuleManager: Shutting down and abandoning module BehaviorTreeEditor (80)
[2016.11.11-20.22.20:010][496]LogModuleManager: Shutting down and abandoning module FunctionalTesting (79)
[2016.11.11-20.22.20:010][496]LogModuleManager: Shutting down and abandoning module CollisionAnalyzer (78)
[2016.11.11-20.22.20:010][496]LogModuleManager: Shutting down and abandoning module WorkspaceMenuStructure (77)
[2016.11.11-20.22.20:010][496]LogModuleManager: Shutting down and abandoning module MessageLog (76)
[2016.11.11-20.22.20:010][496]LogModuleManager: Shutting down and abandoning module Sequencer (75)
[2016.11.11-20.22.20:010][496]LogModuleManager: Shutting down and abandoning module AssetTools (74)
[2016.11.11-20.22.20:010][496]LogModuleManager: Shutting down and abandoning module UMGEditor (73)
[2016.11.11-20.22.20:010][496]LogModuleManager: Shutting down and abandoning module UMG (72)
[2016.11.11-20.22.20:010][496]LogModuleManager: Shutting down and abandoning module SlateReflector (71)
[2016.11.11-20.22.20:010][496]LogModuleManager: Shutting down and abandoning module Slate (70)
[2016.11.11-20.22.20:010][496]LogModuleManager: Shutting down and abandoning module EditorStyle (69)
[2016.11.11-20.22.20:015][496]LogModuleManager: Shutting down and abandoning module SessionServices (68)
[2016.11.11-20.22.20:015][496]LogModuleManager: Shutting down and abandoning module SourceCodeAccess (67)
[2016.11.11-20.22.20:015][496]LogModuleManager: Shutting down and abandoning module HeadMountedDisplay (66)
[2016.11.11-20.22.20:015][496]LogModuleManager: Shutting down and abandoning module XAudio2 (65)
[2016.11.11-20.22.20:015][496]LogModuleManager: Shutting down and abandoning module Networking (63)
[2016.11.11-20.22.20:015][496]LogModuleManager: Shutting down and abandoning module Core (62)
[2016.11.11-20.22.20:015][496]LogModuleManager: Shutting down and abandoning module KismetCompiler (61)
[2016.11.11-20.22.20:015][496]LogModuleManager: Shutting down and abandoning module PhysXFormats (60)
[2016.11.11-20.22.20:015][496]LogModuleManager: Shutting down and abandoning module MeshUtilities (59)
[2016.11.11-20.22.20:015][496]LogModuleManager: Shutting down and abandoning module CookingStats (58)
[2016.11.11-20.22.20:015][496]LogModuleManager: Shutting down and abandoning module DerivedDataCache (57)
[2016.11.11-20.22.20:015][496]LogDerivedDataCache: Shutdown
[2016.11.11-20.22.20:015][496]LogModuleManager: Shutting down and abandoning module ShaderFormatOpenGL (56)
[2016.11.11-20.22.20:015][496]LogModuleManager: Shutting down and abandoning module ShaderFormatD3D (55)
[2016.11.11-20.22.20:015][496]LogModuleManager: Shutting down and abandoning module MetalShaderFormat (54)
[2016.11.11-20.22.20:015][496]LogModuleManager: Shutting down and abandoning module TextureFormatUncompressed (53)
[2016.11.11-20.22.20:015][496]LogModuleManager: Shutting down and abandoning module TextureFormatPVR (52)
[2016.11.11-20.22.20:015][496]LogModuleManager: Shutting down and abandoning module TextureFormatIntelISPCTexComp (51)
[2016.11.11-20.22.20:016][496]LogModuleManager: Shutting down and abandoning module TextureFormatDXT (50)
[2016.11.11-20.22.20:016][496]LogModuleManager: Shutting down and abandoning module ImageWrapper (49)
[2016.11.11-20.22.20:016][496]LogModuleManager: Shutting down and abandoning module TextureFormatASTC (48)
[2016.11.11-20.22.20:016][496]LogModuleManager: Shutting down and abandoning module TextureFormatAndroid (47)
[2016.11.11-20.22.20:016][496]LogModuleManager: Shutting down and abandoning module AudioFormatOpus (46)
[2016.11.11-20.22.20:016][496]LogModuleManager: Shutting down and abandoning module AudioFormatOgg (45)
[2016.11.11-20.22.20:016][496]LogModuleManager: Shutting down and abandoning module AudioFormatADPCM (44)
[2016.11.11-20.22.20:016][496]LogModuleManager: Shutting down and abandoning module LinuxTargetPlatform (43)
[2016.11.11-20.22.20:016][496]LogModuleManager: Shutting down and abandoning module LinuxServerTargetPlatform (42)
[2016.11.11-20.22.20:016][496]LogModuleManager: Shutting down and abandoning module LinuxNoEditorTargetPlatform (41)
[2016.11.11-20.22.20:016][496]LogModuleManager: Shutting down and abandoning module TVOSTargetPlatform (40)
[2016.11.11-20.22.20:016][496]LogModuleManager: Shutting down and abandoning module Messaging (39)
[2016.11.11-20.22.20:016][496]LogModuleManager: Shutting down and abandoning module IOSTargetPlatform (38)
[2016.11.11-20.22.20:016][496]LogModuleManager: Shutting down and abandoning module HTML5TargetPlatform (37)
[2016.11.11-20.22.20:016][496]LogModuleManager: Shutting down and abandoning module Android_PVRTCTargetPlatform (36)
[2016.11.11-20.22.20:016][496]LogModuleManager: Shutting down and abandoning module Android_MultiTargetPlatform (35)
[2016.11.11-20.22.20:016][496]LogModuleManager: Shutting down and abandoning module Android_ETC2TargetPlatform (34)
[2016.11.11-20.22.20:016][496]LogModuleManager: Shutting down and abandoning module Android_ETC1TargetPlatform (33)
[2016.11.11-20.22.20:016][496]LogModuleManager: Shutting down and abandoning module Android_DXTTargetPlatform (32)
[2016.11.11-20.22.20:016][496]LogModuleManager: Shutting down and abandoning module Android_ATCTargetPlatform (31)
[2016.11.11-20.22.20:016][496]LogModuleManager: Shutting down and abandoning module Android_ASTCTargetPlatform (30)
[2016.11.11-20.22.20:016][496]LogModuleManager: Shutting down and abandoning module AndroidTargetPlatform (29)
[2016.11.11-20.22.20:016][496]LogModuleManager: Shutting down and abandoning module WindowsTargetPlatform (28)
[2016.11.11-20.22.20:016][496]LogModuleManager: Shutting down and abandoning module WindowsServerTargetPlatform (27)
[2016.11.11-20.22.20:016][496]LogModuleManager: Shutting down and abandoning module WindowsNoEditorTargetPlatform (26)
[2016.11.11-20.22.20:016][496]LogModuleManager: Shutting down and abandoning module WindowsClientTargetPlatform (25)
[2016.11.11-20.22.20:016][496]LogModuleManager: Shutting down and abandoning module AllDesktopTargetPlatform (24)
[2016.11.11-20.22.20:016][496]LogModuleManager: Shutting down and abandoning module TargetPlatform (23)
[2016.11.11-20.22.20:016][496]LogModuleManager: Shutting down and abandoning module InputCore (22)
[2016.11.11-20.22.20:016][496]LogModuleManager: Shutting down and abandoning module Settings (21)
[2016.11.11-20.22.20:016][496]LogModuleManager: Shutting down and abandoning module OnlineSubsystem (19)
[2016.11.11-20.22.20:016][496]LogModuleManager: Shutting down and abandoning module HTTP (18)
[2016.11.11-20.22.22:019][496]LogModuleManager: Shutting down and abandoning module XMPP (17)
[2016.11.11-20.22.22:019][496]LogModuleManager: Shutting down and abandoning module OculusRift (16)
[2016.11.11-20.22.22:019][496]LogModuleManager: Shutting down and abandoning module ExampleDeviceProfileSelector (15)
[2016.11.11-20.22.22:019][496]LogModuleManager: Shutting down and abandoning module TextureCompressor (14)
[2016.11.11-20.22.22:020][496]LogModuleManager: Shutting down and abandoning module ShaderCore (13)
[2016.11.11-20.22.22:020][496]LogModuleManager: Shutting down and abandoning module Landscape (12)
[2016.11.11-20.22.22:020][496]LogModuleManager: Shutting down and abandoning module SlateRHIRenderer (11)
[2016.11.11-20.22.22:021][496]LogModuleManager: Shutting down and abandoning module OpenGLDrv (10)
[2016.11.11-20.22.22:021][496]LogModuleManager: Shutting down and abandoning module D3D11RHI (9)
[2016.11.11-20.22.22:021][496]LogModuleManager: Shutting down and abandoning module AnimGraphRuntime (8)
[2016.11.11-20.22.22:021][496]LogModuleManager: Shutting down and abandoning module Renderer (7)
[2016.11.11-20.22.22:021][496]LogModuleManager: Shutting down and abandoning module Engine (6)
[2016.11.11-20.22.22:021][496]LogModuleManager: Shutting down and abandoning module CoreUObject (5)
[2016.11.11-20.22.22:021][496]LogModuleManager: Shutting down and abandoning module NetworkFile (4)
[2016.11.11-20.22.22:021][496]LogModuleManager: Shutting down and abandoning module StreamingFile (3)
[2016.11.11-20.22.22:021][496]LogModuleManager: Shutting down and abandoning module SandboxFile (2)
[2016.11.11-20.22.22:021][496]LogModuleManager: Shutting down and abandoning module PakFile (1)
[2016.11.11-20.22.22:023][496]LogExit: Exiting.
[2016.11.11-20.22.22:025][496]Log file closed, 11/11/16 15:22:22
